2025-12-24 09:02:06 - modules.ingestion.loader - INFO - Detected vnstock v3.x (OOP Mode)
2025-12-24 09:02:06 - modules.ingestion.loader - INFO - Starting data ingestion for 30 symbols
2025-12-24 09:02:06 - modules.ingestion.loader - INFO - Data will be saved to: /app/data/raw
2025-12-24 09:02:06 - modules.ingestion.loader - INFO - Using PARALLEL mode with 3 workers
2025-12-24 09:02:06 - modules.ingestion.loader - INFO - Note: This process may take time due to rate limiting
2025-12-24 09:02:06 - modules.ingestion.loader - INFO - [1/30] Processing VCB...
2025-12-24 09:02:06 - modules.ingestion.loader - INFO - [2/30] Processing HPG...
2025-12-24 09:02:06 - modules.ingestion.loader - INFO - [3/30] Processing VHM...
2025-12-24 09:02:08 - modules.ingestion.loader - INFO - ✓ Successfully fetched price for VCB from VCI
2025-12-24 09:02:09 - modules.ingestion.loader - INFO - ✓ Successfully fetched price for VHM from VCI
2025-12-24 09:02:09 - modules.ingestion.loader - INFO - ✓ Successfully fetched price for HPG from VCI
2025-12-24 09:02:11 - modules.ingestion.loader - INFO - ✓ VCB: COMPLETE
2025-12-24 09:02:11 - modules.ingestion.loader - INFO - [4/30] Processing MWG...
2025-12-24 09:02:12 - modules.ingestion.loader - INFO - ✓ VHM: COMPLETE
2025-12-24 09:02:12 - modules.ingestion.loader - INFO - [5/30] Processing FPT...
2025-12-24 09:02:12 - modules.ingestion.loader - INFO - ✓ HPG: COMPLETE
2025-12-24 09:02:12 - modules.ingestion.loader - INFO - [6/30] Processing TCB...
2025-12-24 09:02:14 - modules.ingestion.loader - INFO - ✓ Successfully fetched price for FPT from VCI
2025-12-24 09:02:15 - modules.ingestion.loader - INFO - ✓ Successfully fetched price for MWG from VCI
2025-12-24 09:02:16 - modules.ingestion.loader - INFO - ✓ Successfully fetched price for TCB from VCI
2025-12-24 09:02:17 - modules.ingestion.loader - INFO - ✓ MWG: COMPLETE
2025-12-24 09:02:17 - modules.ingestion.loader - INFO - [7/30] Processing VPB...
2025-12-24 09:02:17 - modules.ingestion.loader - INFO - ✓ FPT: COMPLETE
2025-12-24 09:02:17 - modules.ingestion.loader - INFO - [8/30] Processing MBB...
2025-12-24 09:02:19 - modules.ingestion.loader - INFO - ✓ TCB: COMPLETE
2025-12-24 09:02:19 - modules.ingestion.loader - INFO - [9/30] Processing ACB...
2025-12-24 09:02:19 - modules.ingestion.loader - INFO - ✓ Successfully fetched price for VPB from VCI
2025-12-24 09:02:21 - modules.ingestion.loader - INFO - ✓ Successfully fetched price for MBB from VCI
2025-12-24 09:02:22 - modules.ingestion.loader - INFO - ✓ Successfully fetched price for ACB from VCI
2025-12-24 09:02:23 - modules.ingestion.loader - INFO - ✓ VPB: COMPLETE
2025-12-24 09:02:23 - modules.ingestion.loader - INFO - [10/30] Processing MSN...
2025-12-24 09:02:24 - modules.ingestion.loader - INFO - ✓ MBB: COMPLETE
2025-12-24 09:02:24 - modules.ingestion.loader - INFO - [11/30] Processing VIC...
2025-12-24 09:02:24 - modules.ingestion.loader - INFO - ✓ ACB: COMPLETE
2025-12-24 09:02:24 - modules.ingestion.loader - INFO - [12/30] Processing VRE...
2025-12-24 09:02:25 - modules.ingestion.loader - INFO - ✓ Successfully fetched price for MSN from VCI
2025-12-24 09:02:27 - modules.ingestion.loader - INFO - ✓ Successfully fetched price for VRE from VCI
2025-12-24 09:02:27 - modules.ingestion.loader - INFO - ✓ Successfully fetched price for VIC from VCI
2025-12-24 09:02:28 - modules.ingestion.loader - INFO - ✓ MSN: COMPLETE
2025-12-24 09:02:28 - modules.ingestion.loader - INFO - [13/30] Processing VNM...
2025-12-24 09:02:30 - modules.ingestion.loader - INFO - ✓ VRE: COMPLETE
2025-12-24 09:02:30 - modules.ingestion.loader - INFO - [14/30] Processing GAS...
2025-12-24 09:02:30 - modules.ingestion.loader - INFO - ✓ VIC: COMPLETE
2025-12-24 09:02:30 - modules.ingestion.loader - INFO - [15/30] Processing SAB...
2025-12-24 09:02:31 - modules.ingestion.loader - INFO - ✓ Successfully fetched price for VNM from VCI
2025-12-24 09:02:32 - modules.ingestion.loader - INFO - ✓ Successfully fetched price for GAS from VCI
2025-12-24 09:02:33 - modules.ingestion.loader - INFO - ✓ Successfully fetched price for SAB from VCI
2025-12-24 09:02:34 - modules.ingestion.loader - INFO - ✓ VNM: COMPLETE
2025-12-24 09:02:34 - modules.ingestion.loader - INFO - [16/30] Processing GVR...
2025-12-24 09:02:36 - modules.ingestion.loader - INFO - ✓ GAS: COMPLETE
2025-12-24 09:02:36 - modules.ingestion.loader - INFO - [17/30] Processing BID...
2025-12-24 09:02:36 - modules.ingestion.loader - INFO - ✓ SAB: COMPLETE
2025-12-24 09:02:36 - modules.ingestion.loader - INFO - [18/30] Processing CTG...
2025-12-24 09:02:37 - modules.ingestion.loader - INFO - ✓ Successfully fetched price for GVR from VCI
2025-12-24 09:02:38 - modules.ingestion.loader - INFO - ✓ Successfully fetched price for CTG from VCI
2025-12-24 09:02:39 - modules.ingestion.loader - INFO - ✓ Successfully fetched price for BID from VCI
2025-12-24 09:02:40 - modules.ingestion.loader - INFO - ✓ GVR: COMPLETE
2025-12-24 09:02:40 - modules.ingestion.loader - INFO - [19/30] Processing SSI...
2025-12-24 09:02:42 - modules.ingestion.loader - INFO - ✓ CTG: COMPLETE
2025-12-24 09:02:42 - modules.ingestion.loader - INFO - [20/30] Processing VND...
2025-12-24 09:02:42 - modules.ingestion.loader - INFO - ✓ Successfully fetched price for SSI from VCI
2025-12-24 09:02:43 - modules.ingestion.loader - INFO - ✓ BID: COMPLETE
2025-12-24 09:02:43 - modules.ingestion.loader - INFO - [21/30] Processing DGW...
2025-12-24 09:02:43 - modules.ingestion.loader - INFO - ✓ Successfully fetched price for VND from VCI
2025-12-24 09:02:45 - modules.ingestion.loader - INFO - ✓ SSI: COMPLETE
2025-12-24 09:02:45 - modules.ingestion.loader - INFO - [22/30] Processing FRT...
2025-12-24 09:02:45 - modules.ingestion.loader - INFO - ✓ Successfully fetched price for DGW from VCI
2025-12-24 09:02:47 - modules.ingestion.loader - INFO - ✓ VND: COMPLETE
2025-12-24 09:02:47 - modules.ingestion.loader - INFO - [23/30] Processing PNJ...
2025-12-24 09:02:47 - modules.ingestion.loader - INFO - ✓ Successfully fetched price for FRT from VCI
2025-12-24 09:02:48 - modules.ingestion.loader - INFO - ✓ DGW: COMPLETE
2025-12-24 09:02:48 - modules.ingestion.loader - INFO - [24/30] Processing REE...
2025-12-24 09:02:50 - modules.ingestion.loader - INFO - ✓ FRT: COMPLETE
2025-12-24 09:02:50 - modules.ingestion.loader - INFO - [25/30] Processing VHC...
2025-12-24 09:02:50 - modules.ingestion.loader - INFO - ✓ Successfully fetched price for PNJ from VCI
2025-12-24 09:02:52 - modules.ingestion.loader - INFO - ✓ Successfully fetched price for REE from VCI
2025-12-24 09:02:52 - modules.ingestion.loader - INFO - ✓ Successfully fetched price for VHC from VCI
2025-12-24 09:02:53 - modules.ingestion.loader - INFO - ✓ PNJ: COMPLETE
2025-12-24 09:02:53 - modules.ingestion.loader - INFO - [26/30] Processing NVL...
2025-12-24 09:02:55 - modules.ingestion.loader - INFO - ✓ REE: COMPLETE
2025-12-24 09:02:55 - modules.ingestion.loader - INFO - [27/30] Processing PDR...
2025-12-24 09:02:56 - modules.ingestion.loader - INFO - ✓ VHC: COMPLETE
2025-12-24 09:02:56 - modules.ingestion.loader - INFO - [28/30] Processing DIG...
2025-12-24 09:02:56 - modules.ingestion.loader - INFO - ✓ Successfully fetched price for NVL from VCI
2025-12-24 09:03:00 - modules.ingestion.loader - INFO - ✓ Successfully fetched price for PDR from VCI
2025-12-24 09:03:00 - modules.ingestion.loader - INFO - ✓ Successfully fetched price for DIG from VCI
2025-12-24 09:03:00 - modules.ingestion.loader - INFO - ✓ NVL: COMPLETE
2025-12-24 09:03:00 - modules.ingestion.loader - INFO - [29/30] Processing DXG...
2025-12-24 09:03:03 - modules.ingestion.loader - INFO - ✓ DIG: COMPLETE
2025-12-24 09:03:03 - modules.ingestion.loader - INFO - [30/30] Processing KDH...
2025-12-24 09:03:03 - modules.ingestion.loader - INFO - ✓ PDR: COMPLETE
2025-12-24 09:03:04 - modules.ingestion.loader - INFO - ✓ Successfully fetched price for DXG from VCI
2025-12-24 09:03:07 - modules.ingestion.loader - INFO - ✓ Successfully fetched price for KDH from VCI
2025-12-24 09:03:08 - modules.ingestion.loader - INFO - ✓ DXG: COMPLETE
2025-12-24 09:03:10 - modules.ingestion.loader - INFO - ✓ KDH: COMPLETE
2025-12-24 09:03:10 - modules.ingestion.loader - INFO - ============================================================
2025-12-24 09:03:10 - modules.ingestion.loader - INFO - INGESTION SUMMARY
2025-12-24 09:03:10 - modules.ingestion.loader - INFO - ============================================================
2025-12-24 09:03:10 - modules.ingestion.loader - INFO - Total: 30 symbols
2025-12-24 09:03:10 - modules.ingestion.loader - INFO - Success: 30 (100.0%)
2025-12-24 09:03:10 - modules.ingestion.loader - INFO - Partial: 0 (0.0%)
2025-12-24 09:03:10 - modules.ingestion.loader - INFO - Failed: 0 (0.0%)
2025-12-24 09:03:10 - modules.ingestion.loader - INFO - ============================================================
2025-12-24 09:03:10 - modules.processing.calculator - INFO - Starting processing for 30 symbols...
2025-12-24 09:03:10 - modules.processing.calculator - INFO - [1/30] Processing VCB...
2025-12-24 09:03:10 - modules.processing.calculator - INFO - ✓ VCB: Metrics calculated successfully
2025-12-24 09:03:10 - modules.processing.calculator - INFO - [2/30] Processing HPG...
2025-12-24 09:03:10 - modules.processing.calculator - INFO - ✓ HPG: Metrics calculated successfully
2025-12-24 09:03:10 - modules.processing.calculator - INFO - [3/30] Processing VHM...
2025-12-24 09:03:10 - modules.processing.calculator - INFO - ✓ VHM: Metrics calculated successfully
2025-12-24 09:03:10 - modules.processing.calculator - INFO - [4/30] Processing MWG...
2025-12-24 09:03:10 - modules.processing.calculator - INFO - ✓ MWG: Metrics calculated successfully
2025-12-24 09:03:10 - modules.processing.calculator - INFO - [5/30] Processing FPT...
2025-12-24 09:03:10 - modules.processing.calculator - INFO - ✓ FPT: Metrics calculated successfully
2025-12-24 09:03:10 - modules.processing.calculator - INFO - [6/30] Processing TCB...
2025-12-24 09:03:10 - modules.processing.calculator - INFO - ✓ TCB: Metrics calculated successfully
2025-12-24 09:03:10 - modules.processing.calculator - INFO - [7/30] Processing VPB...
2025-12-24 09:03:10 - modules.processing.calculator - INFO - ✓ VPB: Metrics calculated successfully
2025-12-24 09:03:10 - modules.processing.calculator - INFO - [8/30] Processing MBB...
2025-12-24 09:03:10 - modules.processing.calculator - INFO - ✓ MBB: Metrics calculated successfully
2025-12-24 09:03:10 - modules.processing.calculator - INFO - [9/30] Processing ACB...
2025-12-24 09:03:10 - modules.processing.calculator - INFO - ✓ ACB: Metrics calculated successfully
2025-12-24 09:03:10 - modules.processing.calculator - INFO - [10/30] Processing MSN...
2025-12-24 09:03:10 - modules.processing.calculator - INFO - ✓ MSN: Metrics calculated successfully
2025-12-24 09:03:10 - modules.processing.calculator - INFO - [11/30] Processing VIC...
2025-12-24 09:03:10 - modules.processing.calculator - INFO - ✓ VIC: Metrics calculated successfully
2025-12-24 09:03:10 - modules.processing.calculator - INFO - [12/30] Processing VRE...
2025-12-24 09:03:10 - modules.processing.calculator - INFO - ✓ VRE: Metrics calculated successfully
2025-12-24 09:03:10 - modules.processing.calculator - INFO - [13/30] Processing VNM...
2025-12-24 09:03:10 - modules.processing.calculator - INFO - ✓ VNM: Metrics calculated successfully
2025-12-24 09:03:10 - modules.processing.calculator - INFO - [14/30] Processing GAS...
2025-12-24 09:03:10 - modules.processing.calculator - INFO - ✓ GAS: Metrics calculated successfully
2025-12-24 09:03:10 - modules.processing.calculator - INFO - [15/30] Processing SAB...
2025-12-24 09:03:10 - modules.processing.calculator - INFO - ✓ SAB: Metrics calculated successfully
2025-12-24 09:03:10 - modules.processing.calculator - INFO - [16/30] Processing GVR...
2025-12-24 09:03:10 - modules.processing.calculator - INFO - ✓ GVR: Metrics calculated successfully
2025-12-24 09:03:10 - modules.processing.calculator - INFO - [17/30] Processing BID...
2025-12-24 09:03:10 - modules.processing.calculator - INFO - ✓ BID: Metrics calculated successfully
2025-12-24 09:03:10 - modules.processing.calculator - INFO - [18/30] Processing CTG...
2025-12-24 09:03:10 - modules.processing.calculator - INFO - ✓ CTG: Metrics calculated successfully
2025-12-24 09:03:10 - modules.processing.calculator - INFO - [19/30] Processing SSI...
2025-12-24 09:03:10 - modules.processing.calculator - INFO - ✓ SSI: Metrics calculated successfully
2025-12-24 09:03:10 - modules.processing.calculator - INFO - [20/30] Processing VND...
2025-12-24 09:03:10 - modules.processing.calculator - INFO - ✓ VND: Metrics calculated successfully
2025-12-24 09:03:10 - modules.processing.calculator - INFO - [21/30] Processing DGW...
2025-12-24 09:03:10 - modules.processing.calculator - INFO - ✓ DGW: Metrics calculated successfully
2025-12-24 09:03:10 - modules.processing.calculator - INFO - [22/30] Processing FRT...
2025-12-24 09:03:10 - modules.processing.calculator - INFO - ✓ FRT: Metrics calculated successfully
2025-12-24 09:03:10 - modules.processing.calculator - INFO - [23/30] Processing PNJ...
2025-12-24 09:03:10 - modules.processing.calculator - INFO - ✓ PNJ: Metrics calculated successfully
2025-12-24 09:03:10 - modules.processing.calculator - INFO - [24/30] Processing REE...
2025-12-24 09:03:10 - modules.processing.calculator - INFO - ✓ REE: Metrics calculated successfully
2025-12-24 09:03:10 - modules.processing.calculator - INFO - [25/30] Processing VHC...
2025-12-24 09:03:10 - modules.processing.calculator - INFO - ✓ VHC: Metrics calculated successfully
2025-12-24 09:03:10 - modules.processing.calculator - INFO - [26/30] Processing NVL...
2025-12-24 09:03:10 - modules.processing.calculator - INFO - ✓ NVL: Metrics calculated successfully
2025-12-24 09:03:10 - modules.processing.calculator - INFO - [27/30] Processing PDR...
2025-12-24 09:03:10 - modules.processing.calculator - INFO - ✓ PDR: Metrics calculated successfully
2025-12-24 09:03:10 - modules.processing.calculator - INFO - [28/30] Processing DIG...
2025-12-24 09:03:10 - modules.processing.calculator - INFO - ✓ DIG: Metrics calculated successfully
2025-12-24 09:03:10 - modules.processing.calculator - INFO - [29/30] Processing DXG...
2025-12-24 09:03:10 - modules.processing.calculator - INFO - ✓ DXG: Metrics calculated successfully
2025-12-24 09:03:10 - modules.processing.calculator - INFO - [30/30] Processing KDH...
2025-12-24 09:03:10 - modules.processing.calculator - INFO - ✓ KDH: Metrics calculated successfully
2025-12-24 09:03:10 - modules.processing.calculator - INFO - ============================================================
2025-12-24 09:03:10 - modules.processing.calculator - INFO - PROCESSING SUMMARY
2025-12-24 09:03:10 - modules.processing.calculator - INFO - ============================================================
2025-12-24 09:03:10 - modules.processing.calculator - INFO - Total: 30 symbols
2025-12-24 09:03:10 - modules.processing.calculator - INFO - Success: 30 (100.0%)
2025-12-24 09:03:10 - modules.processing.calculator - INFO - Failed: 0 (0.0%)
2025-12-24 09:03:10 - modules.processing.calculator - INFO - Output saved to: /app/data/processed/financial_metrics.csv
2025-12-24 09:03:10 - modules.processing.calculator - INFO - ============================================================
2025-12-24 09:03:10 - modules.processing.calculator - INFO - 
PREVIEW - Top 10 Results:
2025-12-24 09:03:10 - modules.analysis.scorer - INFO - StockScorer initialized with weights: F=0.6, T=0.4
2025-12-24 09:03:10 - modules.analysis.scorer - INFO - Starting stock analysis and scoring...
2025-12-24 09:03:10 - modules.analysis.scorer - INFO - Loaded 30 symbols for analysis
2025-12-24 09:03:10 - modules.analysis.scorer - INFO - [1/30] Analyzing VCB...
2025-12-24 09:03:10 - modules.analysis.scorer - INFO - ✓ VCB: Score=3.6 → BÁN / CƠ CẤU
2025-12-24 09:03:10 - modules.analysis.scorer - INFO - [2/30] Analyzing HPG...
2025-12-24 09:03:10 - modules.analysis.scorer - INFO - ✓ HPG: Score=5.6 → THEO DÕI
2025-12-24 09:03:10 - modules.analysis.scorer - INFO - [3/30] Analyzing VHM...
2025-12-24 09:03:10 - modules.analysis.scorer - INFO - ✓ VHM: Score=2.8 → BÁN / CƠ CẤU
2025-12-24 09:03:10 - modules.analysis.scorer - INFO - [4/30] Analyzing MWG...
2025-12-24 09:03:10 - modules.analysis.scorer - INFO - ✓ MWG: Score=7.0 → MUA THĂM DÒ
2025-12-24 09:03:10 - modules.analysis.scorer - INFO - [5/30] Analyzing FPT...
2025-12-24 09:03:10 - modules.analysis.scorer - INFO - ✓ FPT: Score=5.4 → THEO DÕI
2025-12-24 09:03:10 - modules.analysis.scorer - INFO - [6/30] Analyzing TCB...
2025-12-24 09:03:10 - modules.analysis.scorer - INFO - ✓ TCB: Score=5.8 → THEO DÕI
2025-12-24 09:03:10 - modules.analysis.scorer - INFO - [7/30] Analyzing VPB...
2025-12-24 09:03:10 - modules.analysis.scorer - INFO - ✓ VPB: Score=5.6 → THEO DÕI
2025-12-24 09:03:10 - modules.analysis.scorer - INFO - [8/30] Analyzing MBB...
2025-12-24 09:03:10 - modules.analysis.scorer - INFO - ✓ MBB: Score=5.0 → THEO DÕI
2025-12-24 09:03:10 - modules.analysis.scorer - INFO - [9/30] Analyzing ACB...
2025-12-24 09:03:10 - modules.analysis.scorer - INFO - ✓ ACB: Score=5.6 → THEO DÕI
2025-12-24 09:03:10 - modules.analysis.scorer - INFO - [10/30] Analyzing MSN...
2025-12-24 09:03:10 - modules.analysis.scorer - INFO - ✓ MSN: Score=4.4 → THEO DÕI
2025-12-24 09:03:10 - modules.analysis.scorer - INFO - [11/30] Analyzing VIC...
2025-12-24 09:03:10 - modules.analysis.scorer - INFO - ✓ VIC: Score=1.6 → BÁN / CƠ CẤU
2025-12-24 09:03:10 - modules.analysis.scorer - INFO - [12/30] Analyzing VRE...
2025-12-24 09:03:10 - modules.analysis.scorer - INFO - ✓ VRE: Score=7.6 → MUA MẠNH
2025-12-24 09:03:10 - modules.analysis.scorer - INFO - [13/30] Analyzing VNM...
2025-12-24 09:03:10 - modules.analysis.scorer - INFO - ✓ VNM: Score=6.2 → MUA THĂM DÒ
2025-12-24 09:03:10 - modules.analysis.scorer - INFO - [14/30] Analyzing GAS...
2025-12-24 09:03:10 - modules.analysis.scorer - INFO - ✓ GAS: Score=6.4 → MUA THĂM DÒ
2025-12-24 09:03:10 - modules.analysis.scorer - INFO - [15/30] Analyzing SAB...
2025-12-24 09:03:10 - modules.analysis.scorer - INFO - ✓ SAB: Score=7.4 → MUA THĂM DÒ
2025-12-24 09:03:10 - modules.analysis.scorer - INFO - [16/30] Analyzing GVR...
2025-12-24 09:03:10 - modules.analysis.scorer - INFO - ✓ GVR: Score=3.6 → BÁN / CƠ CẤU
2025-12-24 09:03:10 - modules.analysis.scorer - INFO - [17/30] Analyzing BID...
2025-12-24 09:03:10 - modules.analysis.scorer - INFO - ✓ BID: Score=6.8 → MUA THĂM DÒ
2025-12-24 09:03:10 - modules.analysis.scorer - INFO - [18/30] Analyzing CTG...
2025-12-24 09:03:10 - modules.analysis.scorer - INFO - ✓ CTG: Score=7.4 → MUA THĂM DÒ
2025-12-24 09:03:10 - modules.analysis.scorer - INFO - [19/30] Analyzing SSI...
2025-12-24 09:03:10 - modules.analysis.scorer - INFO - ✓ SSI: Score=5.6 → THEO DÕI
2025-12-24 09:03:10 - modules.analysis.scorer - INFO - [20/30] Analyzing VND...
2025-12-24 09:03:10 - modules.analysis.scorer - INFO - ✓ VND: Score=6.4 → MUA THĂM DÒ
2025-12-24 09:03:10 - modules.analysis.scorer - INFO - [21/30] Analyzing DGW...
2025-12-24 09:03:10 - modules.analysis.scorer - INFO - ✓ DGW: Score=5.4 → THEO DÕI
2025-12-24 09:03:10 - modules.analysis.scorer - INFO - [22/30] Analyzing FRT...
2025-12-24 09:03:10 - modules.analysis.scorer - INFO - ✓ FRT: Score=7.4 → MUA THĂM DÒ
2025-12-24 09:03:10 - modules.analysis.scorer - INFO - [23/30] Analyzing PNJ...
2025-12-24 09:03:10 - modules.analysis.scorer - INFO - ✓ PNJ: Score=6.2 → MUA THĂM DÒ
2025-12-24 09:03:10 - modules.analysis.scorer - INFO - [24/30] Analyzing REE...
2025-12-24 09:03:10 - modules.analysis.scorer - INFO - ✓ REE: Score=4.4 → THEO DÕI
2025-12-24 09:03:10 - modules.analysis.scorer - INFO - [25/30] Analyzing VHC...
2025-12-24 09:03:10 - modules.analysis.scorer - INFO - ✓ VHC: Score=5.0 → THEO DÕI
2025-12-24 09:03:10 - modules.analysis.scorer - INFO - [26/30] Analyzing NVL...
2025-12-24 09:03:10 - modules.analysis.scorer - INFO - ✓ NVL: Score=1.2 → BÁN / CƠ CẤU
2025-12-24 09:03:10 - modules.analysis.scorer - INFO - [27/30] Analyzing PDR...
2025-12-24 09:03:10 - modules.analysis.scorer - INFO - ✓ PDR: Score=4.4 → THEO DÕI
2025-12-24 09:03:10 - modules.analysis.scorer - INFO - [28/30] Analyzing DIG...
2025-12-24 09:03:10 - modules.analysis.scorer - INFO - ✓ DIG: Score=3.2 → BÁN / CƠ CẤU
2025-12-24 09:03:10 - modules.analysis.scorer - INFO - [29/30] Analyzing DXG...
2025-12-24 09:03:10 - modules.analysis.scorer - INFO - ✓ DXG: Score=4.4 → THEO DÕI
2025-12-24 09:03:10 - modules.analysis.scorer - INFO - [30/30] Analyzing KDH...
2025-12-24 09:03:10 - modules.analysis.scorer - INFO - ✓ KDH: Score=4.4 → THEO DÕI
2025-12-24 09:03:10 - modules.analysis.scorer - INFO - ============================================================
2025-12-24 09:03:10 - modules.analysis.scorer - INFO - ANALYSIS SUMMARY
2025-12-24 09:03:10 - modules.analysis.scorer - INFO - ============================================================
2025-12-24 09:03:10 - modules.analysis.scorer - INFO - Total analyzed: 30 symbols
2025-12-24 09:03:10 - modules.analysis.scorer - INFO - MUA MẠNH: 1
2025-12-24 09:03:10 - modules.analysis.scorer - INFO - MUA THĂM DÒ: 9
2025-12-24 09:03:10 - modules.analysis.scorer - INFO - THEO DÕI: 14
2025-12-24 09:03:10 - modules.analysis.scorer - INFO - BÁN / CƠ CẤU: 6
2025-12-24 09:03:10 - modules.analysis.scorer - INFO - Output saved to: /app/data/processed/analysis_report.csv
2025-12-24 09:03:10 - modules.analysis.scorer - INFO - ============================================================
2025-12-24 09:03:10 - modules.analysis.scorer - INFO - 
TOP 10 CỔ PHIẾU TIỀM NĂNG:
2025-12-24 09:03:10 - modules.portfolio.manager - INFO - PortfolioManager initialized: Max position=40.0%, Stop loss=7.000000000000001%
2025-12-24 09:03:10 - modules.portfolio.manager - INFO - Generating portfolio recommendations with capital: 100,000,000 VND
2025-12-24 09:03:10 - modules.portfolio.manager - INFO - Found 10 stocks with BUY recommendations
2025-12-24 09:03:10 - modules.portfolio.manager - INFO - Available for investment: 80,000,000 VND (80%)
2025-12-24 09:03:10 - modules.portfolio.manager - INFO - ✓ VRE: 200 shares @ 34,250 = 6,850,000 VND (6.9%)
2025-12-24 09:03:10 - modules.portfolio.manager - INFO - ✓ SAB: 100 shares @ 49,500 = 4,950,000 VND (5.0%)
2025-12-24 09:03:10 - modules.portfolio.manager - INFO - ✓ CTG: 200 shares @ 35,000 = 7,000,000 VND (7.0%)
2025-12-24 09:03:10 - modules.portfolio.manager - INFO - ✓ FRT: 58300 shares @ 148 = 8,599,250 VND (8.6%)
2025-12-24 09:03:10 - modules.portfolio.manager - WARNING - Skipping MWG: Insufficient capital for 1 lot (price=87,500)
2025-12-24 09:03:10 - modules.portfolio.manager - INFO - ✓ BID: 200 shares @ 38,000 = 7,600,000 VND (7.6%)
2025-12-24 09:03:10 - modules.portfolio.manager - INFO - ✓ GAS: 100 shares @ 65,300 = 6,530,000 VND (6.5%)
2025-12-24 09:03:10 - modules.portfolio.manager - INFO - ✓ VND: 300 shares @ 19,950 = 5,985,000 VND (6.0%)
2025-12-24 09:03:10 - modules.portfolio.manager - WARNING - Skipping PNJ: Insufficient capital for 1 lot (price=93,400)
2025-12-24 09:03:10 - modules.portfolio.manager - INFO - ✓ VNM: 100 shares @ 62,600 = 6,260,000 VND (6.3%)
2025-12-24 09:03:10 - modules.portfolio.manager - INFO - ============================================================
2025-12-24 09:03:10 - modules.portfolio.manager - INFO - PORTFOLIO ALLOCATION
2025-12-24 09:03:10 - modules.portfolio.manager - INFO - ============================================================
2025-12-24 09:03:10 - modules.portfolio.manager - INFO - Total capital: 100,000,000 VND
2025-12-24 09:03:10 - modules.portfolio.manager - INFO - Invested: 53,774,250 VND (53.8%)
2025-12-24 09:03:10 - modules.portfolio.manager - INFO - Cash reserve: 46,225,750 VND (46.2%)
2025-12-24 09:03:10 - modules.portfolio.manager - INFO - Number of positions: 8
2025-12-24 09:03:10 - modules.portfolio.manager - INFO - Output saved to: /app/data/processed/portfolio_recommendation.csv
2025-12-24 09:03:10 - modules.portfolio.manager - INFO - ============================================================
2025-12-24 09:03:10 - modules.portfolio.manager - INFO - 
PORTFOLIO DETAILS:
2025-12-24 09:03:10 - modules.portfolio.manager - INFO - 
RISK SUMMARY:
2025-12-24 09:03:10 - modules.portfolio.manager - INFO - Stop Loss: -7.0% per position
2025-12-24 09:03:10 - modules.portfolio.manager - INFO - Target Profit: +15.0% per position
2025-12-24 09:03:10 - modules.portfolio.manager - INFO - Risk/Reward Ratio: 1:2.0
2025-12-24 09:03:10 - modules.portfolio.manager - INFO - Max position size: 40.0%
2025-12-24 09:03:10 - modules.utils.exporter - INFO - DataExporter initialized: Export to /app/data/export
2025-12-24 09:03:10 - modules.utils.exporter - INFO - Starting data export to JSON...
2025-12-24 09:03:10 - modules.utils.exporter - INFO - Exporting analysis report...
2025-12-24 09:03:10 - modules.utils.exporter - INFO - ✓ Exported 30 analysis records
2025-12-24 09:03:10 - modules.utils.exporter - INFO - Exporting portfolio recommendations...
2025-12-24 09:03:10 - modules.utils.exporter - INFO - ✓ Exported 8 portfolio positions
2025-12-24 09:03:10 - modules.utils.exporter - INFO - Exporting price charts (last 100 days)...
2025-12-24 09:03:10 - modules.utils.exporter - INFO - ✓ Exported 30/30 price charts
2025-12-24 09:03:10 - modules.utils.exporter - INFO - ============================================================
2025-12-24 09:03:10 - modules.utils.exporter - INFO - EXPORT SUMMARY
2025-12-24 09:03:10 - modules.utils.exporter - INFO - ============================================================
2025-12-24 09:03:10 - modules.utils.exporter - INFO - Output file: /app/data/export/db.json
2025-12-24 09:03:10 - modules.utils.exporter - INFO - File size: 491.6 KB
2025-12-24 09:03:10 - modules.utils.exporter - INFO - Analysis records: 30
2025-12-24 09:03:10 - modules.utils.exporter - INFO - Portfolio positions: 8
2025-12-24 09:03:10 - modules.utils.exporter - INFO - Price charts: 30
2025-12-24 09:03:10 - modules.utils.exporter - INFO - Last updated: 2025-12-24 09:03:10
2025-12-24 09:03:10 - modules.utils.exporter - INFO - ============================================================
2025-12-24 09:03:10 - modules.utils.exporter - INFO - ✓ Export completed successfully!
