2026-01-05 08:50:47 - modules.ingestion.loader - INFO - Detected vnstock v3.x (OOP Mode)
2026-01-05 08:50:47 - modules.ingestion.loader - INFO - Starting data ingestion for 50 symbols
2026-01-05 08:50:47 - modules.ingestion.loader - INFO - Data will be saved to: /app/data/raw
2026-01-05 08:50:47 - modules.ingestion.loader - INFO - Using PARALLEL mode with 3 workers
2026-01-05 08:50:47 - modules.ingestion.loader - INFO - Note: This process may take time due to rate limiting
2026-01-05 08:50:47 - modules.ingestion.loader - INFO - [1/50] Processing VCB...
2026-01-05 08:50:47 - modules.ingestion.loader - INFO - [2/50] Processing BID...
2026-01-05 08:50:47 - modules.ingestion.loader - INFO - [3/50] Processing CTG...
2026-01-05 08:50:53 - modules.ingestion.loader - INFO - ✓ Successfully fetched price for CTG from VCI
2026-01-05 08:50:53 - modules.ingestion.loader - INFO - ✓ Successfully fetched price for BID from VCI
2026-01-05 08:50:53 - modules.ingestion.loader - INFO - ✓ Successfully fetched price for VCB from VCI
2026-01-05 08:50:56 - modules.ingestion.loader - INFO - ✓ CTG: COMPLETE
2026-01-05 08:50:56 - modules.ingestion.loader - INFO - [4/50] Processing TCB...
2026-01-05 08:50:56 - modules.ingestion.loader - INFO - ✓ VCB: COMPLETE
2026-01-05 08:50:56 - modules.ingestion.loader - INFO - [5/50] Processing MBB...
2026-01-05 08:50:56 - modules.ingestion.loader - INFO - ✓ BID: COMPLETE
2026-01-05 08:50:56 - modules.ingestion.loader - INFO - [6/50] Processing VPB...
2026-01-05 08:50:58 - modules.ingestion.loader - INFO - ✓ Successfully fetched price for TCB from VCI
2026-01-05 08:50:58 - modules.ingestion.loader - INFO - ✓ Successfully fetched price for MBB from VCI
2026-01-05 08:51:00 - modules.ingestion.loader - INFO - ✓ Successfully fetched price for VPB from VCI
2026-01-05 08:51:01 - modules.ingestion.loader - INFO - ✓ TCB: COMPLETE
2026-01-05 08:51:01 - modules.ingestion.loader - INFO - [7/50] Processing ACB...
2026-01-05 08:51:02 - modules.ingestion.loader - INFO - ✓ MBB: COMPLETE
2026-01-05 08:51:02 - modules.ingestion.loader - INFO - [8/50] Processing HDB...
2026-01-05 08:51:03 - modules.ingestion.loader - INFO - ✓ Successfully fetched price for ACB from VCI
2026-01-05 08:51:03 - modules.ingestion.loader - INFO - ✓ VPB: COMPLETE
2026-01-05 08:51:03 - modules.ingestion.loader - INFO - [9/50] Processing STB...
2026-01-05 08:51:04 - modules.ingestion.loader - INFO - ✓ Successfully fetched price for HDB from VCI
2026-01-05 08:51:06 - modules.ingestion.loader - INFO - ✓ ACB: COMPLETE
2026-01-05 08:51:06 - modules.ingestion.loader - INFO - [10/50] Processing TPB...
2026-01-05 08:51:07 - modules.ingestion.loader - INFO - ✓ Successfully fetched price for STB from VCI
2026-01-05 08:51:07 - modules.ingestion.loader - INFO - ✓ HDB: COMPLETE
2026-01-05 08:51:07 - modules.ingestion.loader - INFO - [11/50] Processing VIB...
2026-01-05 08:51:10 - modules.ingestion.loader - INFO - ✓ Successfully fetched price for TPB from VCI
2026-01-05 08:51:10 - modules.ingestion.loader - INFO - ✓ Successfully fetched price for VIB from VCI
2026-01-05 08:51:10 - modules.ingestion.loader - INFO - ✓ STB: COMPLETE
2026-01-05 08:51:10 - modules.ingestion.loader - INFO - [12/50] Processing SHB...
2026-01-05 08:51:13 - modules.ingestion.loader - INFO - ✓ Successfully fetched price for SHB from VCI
2026-01-05 08:51:13 - modules.ingestion.loader - INFO - ✓ TPB: COMPLETE
2026-01-05 08:51:13 - modules.ingestion.loader - INFO - [13/50] Processing SSB...
2026-01-05 08:51:13 - modules.ingestion.loader - INFO - ✓ VIB: COMPLETE
2026-01-05 08:51:13 - modules.ingestion.loader - INFO - [14/50] Processing LPB...
2026-01-05 08:51:16 - modules.ingestion.loader - INFO - ✓ Successfully fetched price for SSB from VCI
2026-01-05 08:51:16 - modules.ingestion.loader - INFO - ✓ Successfully fetched price for LPB from VCI
2026-01-05 08:51:16 - modules.ingestion.loader - INFO - ✓ SHB: COMPLETE
2026-01-05 08:51:16 - modules.ingestion.loader - INFO - [15/50] Processing EIB...
2026-01-05 08:51:18 - modules.ingestion.loader - INFO - ✓ Successfully fetched price for EIB from VCI
2026-01-05 08:51:19 - modules.ingestion.loader - INFO - ✓ LPB: COMPLETE
2026-01-05 08:51:19 - modules.ingestion.loader - INFO - [16/50] Processing VIC...
2026-01-05 08:51:19 - modules.ingestion.loader - INFO - ✓ SSB: COMPLETE
2026-01-05 08:51:19 - modules.ingestion.loader - INFO - [17/50] Processing VHM...
2026-01-05 08:51:21 - modules.ingestion.loader - INFO - ✓ EIB: COMPLETE
2026-01-05 08:51:21 - modules.ingestion.loader - INFO - [18/50] Processing VRE...
2026-01-05 08:51:22 - modules.ingestion.loader - INFO - ✓ Successfully fetched price for VHM from VCI
2026-01-05 08:51:22 - modules.ingestion.loader - INFO - ✓ Successfully fetched price for VIC from VCI
2026-01-05 08:51:24 - modules.ingestion.loader - INFO - ✓ Successfully fetched price for VRE from VCI
2026-01-05 08:51:24 - modules.ingestion.loader - INFO - ✓ VHM: COMPLETE
2026-01-05 08:51:24 - modules.ingestion.loader - INFO - [19/50] Processing BCM...
2026-01-05 08:51:26 - modules.ingestion.loader - INFO - ✓ VIC: COMPLETE
2026-01-05 08:51:26 - modules.ingestion.loader - INFO - [20/50] Processing VGI...
2026-01-05 08:51:26 - modules.ingestion.loader - INFO - ✓ Successfully fetched price for BCM from VCI
2026-01-05 08:51:26 - modules.ingestion.loader - INFO - ✓ VRE: COMPLETE
2026-01-05 08:51:26 - modules.ingestion.loader - INFO - [21/50] Processing GAS...
2026-01-05 08:51:29 - modules.ingestion.loader - INFO - ✓ Successfully fetched price for GAS from VCI
2026-01-05 08:51:29 - modules.ingestion.loader - INFO - ✓ BCM: COMPLETE
2026-01-05 08:51:29 - modules.ingestion.loader - INFO - [22/50] Processing PLX...
2026-01-05 08:51:30 - modules.ingestion.loader - INFO - ✓ Successfully fetched price for VGI from VCI
2026-01-05 08:51:32 - modules.ingestion.loader - INFO - ✓ Successfully fetched price for PLX from VCI
2026-01-05 08:51:32 - modules.ingestion.loader - INFO - ✓ GAS: COMPLETE
2026-01-05 08:51:32 - modules.ingestion.loader - INFO - [23/50] Processing HPG...
2026-01-05 08:51:33 - modules.ingestion.loader - INFO - ✓ VGI: COMPLETE
2026-01-05 08:51:33 - modules.ingestion.loader - INFO - [24/50] Processing GVR...
2026-01-05 08:51:34 - modules.ingestion.loader - INFO - ✓ Successfully fetched price for HPG from VCI
2026-01-05 08:51:35 - modules.ingestion.loader - INFO - ✓ PLX: COMPLETE
2026-01-05 08:51:35 - modules.ingestion.loader - INFO - [25/50] Processing VNM...
2026-01-05 08:51:36 - modules.ingestion.loader - INFO - ✓ Successfully fetched price for GVR from VCI
2026-01-05 08:51:37 - modules.ingestion.loader - INFO - ✓ HPG: COMPLETE
2026-01-05 08:51:37 - modules.ingestion.loader - INFO - [26/50] Processing MSN...
2026-01-05 08:51:38 - modules.ingestion.loader - INFO - ✓ Successfully fetched price for VNM from VCI
2026-01-05 08:51:40 - modules.ingestion.loader - INFO - ✓ GVR: COMPLETE
2026-01-05 08:51:40 - modules.ingestion.loader - INFO - [27/50] Processing MWG...
2026-01-05 08:51:40 - modules.ingestion.loader - INFO - ✓ Successfully fetched price for MSN from VCI
2026-01-05 08:51:40 - modules.ingestion.loader - INFO - ✓ VNM: COMPLETE
2026-01-05 08:51:40 - modules.ingestion.loader - INFO - [28/50] Processing SAB...
2026-01-05 08:51:42 - modules.ingestion.loader - INFO - ✓ Successfully fetched price for MWG from VCI
2026-01-05 08:51:44 - modules.ingestion.loader - INFO - ✓ Successfully fetched price for SAB from VCI
2026-01-05 08:51:44 - modules.ingestion.loader - INFO - ✓ MSN: COMPLETE
2026-01-05 08:51:44 - modules.ingestion.loader - INFO - [29/50] Processing SSI...
2026-01-05 08:51:46 - modules.ingestion.loader - INFO - ✓ MWG: COMPLETE
2026-01-05 08:51:46 - modules.ingestion.loader - INFO - [30/50] Processing FPT...
2026-01-05 08:51:47 - modules.ingestion.loader - INFO - ✓ Successfully fetched price for SSI from VCI
2026-01-05 08:51:47 - modules.ingestion.loader - INFO - ✓ SAB: COMPLETE
2026-01-05 08:51:47 - modules.ingestion.loader - INFO - [31/50] Processing KDH...
2026-01-05 08:51:49 - modules.ingestion.loader - INFO - ✓ Successfully fetched price for FPT from VCI
2026-01-05 08:51:50 - modules.ingestion.loader - INFO - ✓ SSI: COMPLETE
2026-01-05 08:51:50 - modules.ingestion.loader - INFO - [32/50] Processing DXG...
2026-01-05 08:51:50 - modules.ingestion.loader - INFO - ✓ Successfully fetched price for KDH from VCI
2026-01-05 08:51:51 - modules.ingestion.loader - INFO - ✓ FPT: COMPLETE
2026-01-05 08:51:51 - modules.ingestion.loader - INFO - [33/50] Processing NVL...
2026-01-05 08:51:53 - modules.ingestion.loader - INFO - ✓ KDH: COMPLETE
2026-01-05 08:51:53 - modules.ingestion.loader - INFO - [34/50] Processing PDR...
2026-01-05 08:51:53 - modules.ingestion.loader - INFO - ✓ Successfully fetched price for DXG from VCI
2026-01-05 08:51:54 - modules.ingestion.loader - INFO - ✓ Successfully fetched price for NVL from VCI
2026-01-05 08:51:57 - modules.ingestion.loader - INFO - ✓ Successfully fetched price for PDR from VCI
2026-01-05 08:51:57 - modules.ingestion.loader - INFO - ✓ DXG: COMPLETE
2026-01-05 08:51:57 - modules.ingestion.loader - INFO - [35/50] Processing DIG...
2026-01-05 08:51:57 - modules.ingestion.loader - INFO - ✓ NVL: COMPLETE
2026-01-05 08:51:57 - modules.ingestion.loader - INFO - [36/50] Processing BCG...
2026-01-05 08:51:59 - modules.ingestion.loader - INFO - ✓ Successfully fetched price for BCG from VCI
2026-01-05 08:52:00 - modules.ingestion.loader - INFO - ✓ PDR: COMPLETE
2026-01-05 08:52:00 - modules.ingestion.loader - INFO - [37/50] Processing POW...
2026-01-05 08:52:01 - modules.ingestion.loader - INFO - ✓ Successfully fetched price for DIG from VCI
2026-01-05 08:52:02 - modules.ingestion.loader - INFO - ✓ BCG: COMPLETE
2026-01-05 08:52:02 - modules.ingestion.loader - INFO - [38/50] Processing REE...
2026-01-05 08:52:03 - modules.ingestion.loader - INFO - ✓ Successfully fetched price for POW from VCI
2026-01-05 08:52:04 - modules.ingestion.loader - INFO - ✓ DIG: COMPLETE
2026-01-05 08:52:04 - modules.ingestion.loader - INFO - [39/50] Processing DGW...
2026-01-05 08:52:05 - modules.ingestion.loader - INFO - ✓ Successfully fetched price for REE from VCI
2026-01-05 08:52:07 - modules.ingestion.loader - INFO - ✓ POW: COMPLETE
2026-01-05 08:52:07 - modules.ingestion.loader - INFO - [40/50] Processing NT2...
2026-01-05 08:52:07 - modules.ingestion.loader - INFO - ✓ Successfully fetched price for DGW from VCI
2026-01-05 08:52:08 - modules.ingestion.loader - INFO - ✓ REE: COMPLETE
2026-01-05 08:52:08 - modules.ingestion.loader - INFO - [41/50] Processing BSR...
2026-01-05 08:52:10 - modules.ingestion.loader - INFO - ✓ DGW: COMPLETE
2026-01-05 08:52:10 - modules.ingestion.loader - INFO - [42/50] Processing PNJ...
2026-01-05 08:52:10 - modules.ingestion.loader - INFO - ✓ Successfully fetched price for NT2 from VCI
2026-01-05 08:52:10 - modules.ingestion.loader - INFO - ✓ Successfully fetched price for BSR from VCI
2026-01-05 08:52:13 - modules.ingestion.loader - INFO - ✓ NT2: COMPLETE
2026-01-05 08:52:13 - modules.ingestion.loader - INFO - [43/50] Processing FRT...
2026-01-05 08:52:13 - modules.ingestion.loader - INFO - ✓ Successfully fetched price for PNJ from VCI
2026-01-05 08:52:13 - modules.ingestion.loader - INFO - ✓ BSR: COMPLETE
2026-01-05 08:52:13 - modules.ingestion.loader - INFO - [44/50] Processing VHC...
2026-01-05 08:52:14 - modules.ingestion.loader - INFO - ✓ Successfully fetched price for FRT from VCI
2026-01-05 08:52:15 - modules.ingestion.loader - INFO - ✓ Successfully fetched price for VHC from VCI
2026-01-05 08:52:16 - modules.ingestion.loader - INFO - ✓ PNJ: COMPLETE
2026-01-05 08:52:16 - modules.ingestion.loader - INFO - [45/50] Processing DGC...
2026-01-05 08:52:17 - modules.ingestion.loader - INFO - ✓ FRT: COMPLETE
2026-01-05 08:52:17 - modules.ingestion.loader - INFO - [46/50] Processing VJC...
2026-01-05 08:52:19 - modules.ingestion.loader - INFO - ✓ Successfully fetched price for DGC from VCI
2026-01-05 08:52:19 - modules.ingestion.loader - INFO - ✓ VHC: COMPLETE
2026-01-05 08:52:19 - modules.ingestion.loader - INFO - [47/50] Processing HVN...
2026-01-05 08:52:20 - modules.ingestion.loader - INFO - ✓ Successfully fetched price for VJC from VCI
2026-01-05 08:52:22 - modules.ingestion.loader - INFO - ✓ Successfully fetched price for HVN from VCI
2026-01-05 08:52:22 - modules.ingestion.loader - INFO - ✓ DGC: COMPLETE
2026-01-05 08:52:22 - modules.ingestion.loader - INFO - [48/50] Processing VND...
2026-01-05 08:52:23 - modules.ingestion.loader - INFO - ✓ VJC: COMPLETE
2026-01-05 08:52:23 - modules.ingestion.loader - INFO - [49/50] Processing HNG...
2026-01-05 08:52:25 - modules.ingestion.loader - INFO - ✓ HVN: COMPLETE
2026-01-05 08:52:25 - modules.ingestion.loader - INFO - [50/50] Processing VGC...
2026-01-05 08:52:25 - modules.ingestion.loader - INFO - ✓ Successfully fetched price for VND from VCI
2026-01-05 08:52:26 - modules.ingestion.loader - INFO - ✓ Successfully fetched price for HNG from VCI
2026-01-05 08:52:27 - modules.ingestion.loader - INFO - ✓ Successfully fetched price for VGC from VCI
2026-01-05 08:52:28 - modules.ingestion.loader - INFO - ✓ VND: COMPLETE
2026-01-05 08:52:29 - modules.ingestion.loader - INFO - ✓ HNG: COMPLETE
2026-01-05 08:52:31 - modules.ingestion.loader - INFO - ✓ VGC: COMPLETE
2026-01-05 08:52:31 - modules.ingestion.loader - INFO - ============================================================
2026-01-05 08:52:31 - modules.ingestion.loader - INFO - INGESTION SUMMARY
2026-01-05 08:52:31 - modules.ingestion.loader - INFO - ============================================================
2026-01-05 08:52:31 - modules.ingestion.loader - INFO - Total: 50 symbols
2026-01-05 08:52:31 - modules.ingestion.loader - INFO - Success: 50 (100.0%)
2026-01-05 08:52:31 - modules.ingestion.loader - INFO - Partial: 0 (0.0%)
2026-01-05 08:52:31 - modules.ingestion.loader - INFO - Failed: 0 (0.0%)
2026-01-05 08:52:31 - modules.ingestion.loader - INFO - ============================================================
2026-01-05 08:52:31 - modules.processing.calculator - INFO - Starting processing for 50 symbols...
2026-01-05 08:52:31 - modules.processing.calculator - INFO - [1/50] Processing VCB...
2026-01-05 08:52:31 - modules.processing.calculator - INFO - ✓ VCB: Metrics calculated successfully
2026-01-05 08:52:31 - modules.processing.calculator - INFO - [2/50] Processing BID...
2026-01-05 08:52:31 - modules.processing.calculator - INFO - ✓ BID: Metrics calculated successfully
2026-01-05 08:52:31 - modules.processing.calculator - INFO - [3/50] Processing CTG...
2026-01-05 08:52:31 - modules.processing.calculator - INFO - ✓ CTG: Metrics calculated successfully
2026-01-05 08:52:31 - modules.processing.calculator - INFO - [4/50] Processing TCB...
2026-01-05 08:52:31 - modules.processing.calculator - INFO - ✓ TCB: Metrics calculated successfully
2026-01-05 08:52:31 - modules.processing.calculator - INFO - [5/50] Processing MBB...
2026-01-05 08:52:31 - modules.processing.calculator - INFO - ✓ MBB: Metrics calculated successfully
2026-01-05 08:52:31 - modules.processing.calculator - INFO - [6/50] Processing VPB...
2026-01-05 08:52:31 - modules.processing.calculator - INFO - ✓ VPB: Metrics calculated successfully
2026-01-05 08:52:31 - modules.processing.calculator - INFO - [7/50] Processing ACB...
2026-01-05 08:52:31 - modules.processing.calculator - INFO - ✓ ACB: Metrics calculated successfully
2026-01-05 08:52:31 - modules.processing.calculator - INFO - [8/50] Processing HDB...
2026-01-05 08:52:31 - modules.processing.calculator - INFO - ✓ HDB: Metrics calculated successfully
2026-01-05 08:52:31 - modules.processing.calculator - INFO - [9/50] Processing STB...
2026-01-05 08:52:31 - modules.processing.calculator - INFO - ✓ STB: Metrics calculated successfully
2026-01-05 08:52:31 - modules.processing.calculator - INFO - [10/50] Processing TPB...
2026-01-05 08:52:31 - modules.processing.calculator - INFO - ✓ TPB: Metrics calculated successfully
2026-01-05 08:52:31 - modules.processing.calculator - INFO - [11/50] Processing VIB...
2026-01-05 08:52:31 - modules.processing.calculator - INFO - ✓ VIB: Metrics calculated successfully
2026-01-05 08:52:31 - modules.processing.calculator - INFO - [12/50] Processing SHB...
2026-01-05 08:52:31 - modules.processing.calculator - INFO - ✓ SHB: Metrics calculated successfully
2026-01-05 08:52:31 - modules.processing.calculator - INFO - [13/50] Processing SSB...
2026-01-05 08:52:31 - modules.processing.calculator - INFO - ✓ SSB: Metrics calculated successfully
2026-01-05 08:52:31 - modules.processing.calculator - INFO - [14/50] Processing LPB...
2026-01-05 08:52:31 - modules.processing.calculator - INFO - ✓ LPB: Metrics calculated successfully
2026-01-05 08:52:31 - modules.processing.calculator - INFO - [15/50] Processing EIB...
2026-01-05 08:52:31 - modules.processing.calculator - INFO - ✓ EIB: Metrics calculated successfully
2026-01-05 08:52:31 - modules.processing.calculator - INFO - [16/50] Processing VIC...
2026-01-05 08:52:31 - modules.processing.calculator - INFO - ✓ VIC: Metrics calculated successfully
2026-01-05 08:52:31 - modules.processing.calculator - INFO - [17/50] Processing VHM...
2026-01-05 08:52:31 - modules.processing.calculator - INFO - ✓ VHM: Metrics calculated successfully
2026-01-05 08:52:31 - modules.processing.calculator - INFO - [18/50] Processing VRE...
2026-01-05 08:52:31 - modules.processing.calculator - INFO - ✓ VRE: Metrics calculated successfully
2026-01-05 08:52:31 - modules.processing.calculator - INFO - [19/50] Processing BCM...
2026-01-05 08:52:31 - modules.processing.calculator - INFO - ✓ BCM: Metrics calculated successfully
2026-01-05 08:52:31 - modules.processing.calculator - INFO - [20/50] Processing VGI...
2026-01-05 08:52:31 - modules.processing.calculator - INFO - ✓ VGI: Metrics calculated successfully
2026-01-05 08:52:31 - modules.processing.calculator - INFO - [21/50] Processing GAS...
2026-01-05 08:52:31 - modules.processing.calculator - INFO - ✓ GAS: Metrics calculated successfully
2026-01-05 08:52:31 - modules.processing.calculator - INFO - [22/50] Processing PLX...
2026-01-05 08:52:31 - modules.processing.calculator - INFO - ✓ PLX: Metrics calculated successfully
2026-01-05 08:52:31 - modules.processing.calculator - INFO - [23/50] Processing HPG...
2026-01-05 08:52:31 - modules.processing.calculator - INFO - ✓ HPG: Metrics calculated successfully
2026-01-05 08:52:31 - modules.processing.calculator - INFO - [24/50] Processing GVR...
2026-01-05 08:52:31 - modules.processing.calculator - INFO - ✓ GVR: Metrics calculated successfully
2026-01-05 08:52:31 - modules.processing.calculator - INFO - [25/50] Processing VNM...
2026-01-05 08:52:31 - modules.processing.calculator - INFO - ✓ VNM: Metrics calculated successfully
2026-01-05 08:52:31 - modules.processing.calculator - INFO - [26/50] Processing MSN...
2026-01-05 08:52:31 - modules.processing.calculator - INFO - ✓ MSN: Metrics calculated successfully
2026-01-05 08:52:31 - modules.processing.calculator - INFO - [27/50] Processing MWG...
2026-01-05 08:52:31 - modules.processing.calculator - INFO - ✓ MWG: Metrics calculated successfully
2026-01-05 08:52:31 - modules.processing.calculator - INFO - [28/50] Processing SAB...
2026-01-05 08:52:31 - modules.processing.calculator - INFO - ✓ SAB: Metrics calculated successfully
2026-01-05 08:52:31 - modules.processing.calculator - INFO - [29/50] Processing SSI...
2026-01-05 08:52:31 - modules.processing.calculator - INFO - ✓ SSI: Metrics calculated successfully
2026-01-05 08:52:31 - modules.processing.calculator - INFO - [30/50] Processing FPT...
2026-01-05 08:52:31 - modules.processing.calculator - INFO - ✓ FPT: Metrics calculated successfully
2026-01-05 08:52:31 - modules.processing.calculator - INFO - [31/50] Processing KDH...
2026-01-05 08:52:31 - modules.processing.calculator - INFO - ✓ KDH: Metrics calculated successfully
2026-01-05 08:52:31 - modules.processing.calculator - INFO - [32/50] Processing DXG...
2026-01-05 08:52:31 - modules.processing.calculator - INFO - ✓ DXG: Metrics calculated successfully
2026-01-05 08:52:31 - modules.processing.calculator - INFO - [33/50] Processing NVL...
2026-01-05 08:52:31 - modules.processing.calculator - INFO - ✓ NVL: Metrics calculated successfully
2026-01-05 08:52:31 - modules.processing.calculator - INFO - [34/50] Processing PDR...
2026-01-05 08:52:31 - modules.processing.calculator - INFO - ✓ PDR: Metrics calculated successfully
2026-01-05 08:52:31 - modules.processing.calculator - INFO - [35/50] Processing DIG...
2026-01-05 08:52:31 - modules.processing.calculator - INFO - ✓ DIG: Metrics calculated successfully
2026-01-05 08:52:31 - modules.processing.calculator - INFO - [36/50] Processing BCG...
2026-01-05 08:52:31 - modules.processing.calculator - INFO - ✓ BCG: Metrics calculated successfully
2026-01-05 08:52:31 - modules.processing.calculator - INFO - [37/50] Processing POW...
2026-01-05 08:52:31 - modules.processing.calculator - INFO - ✓ POW: Metrics calculated successfully
2026-01-05 08:52:31 - modules.processing.calculator - INFO - [38/50] Processing REE...
2026-01-05 08:52:31 - modules.processing.calculator - INFO - ✓ REE: Metrics calculated successfully
2026-01-05 08:52:31 - modules.processing.calculator - INFO - [39/50] Processing DGW...
2026-01-05 08:52:31 - modules.processing.calculator - INFO - ✓ DGW: Metrics calculated successfully
2026-01-05 08:52:31 - modules.processing.calculator - INFO - [40/50] Processing NT2...
2026-01-05 08:52:31 - modules.processing.calculator - INFO - ✓ NT2: Metrics calculated successfully
2026-01-05 08:52:31 - modules.processing.calculator - INFO - [41/50] Processing BSR...
2026-01-05 08:52:31 - modules.processing.calculator - INFO - ✓ BSR: Metrics calculated successfully
2026-01-05 08:52:31 - modules.processing.calculator - INFO - [42/50] Processing PNJ...
2026-01-05 08:52:31 - modules.processing.calculator - INFO - ✓ PNJ: Metrics calculated successfully
2026-01-05 08:52:31 - modules.processing.calculator - INFO - [43/50] Processing FRT...
2026-01-05 08:52:31 - modules.processing.calculator - INFO - ✓ FRT: Metrics calculated successfully
2026-01-05 08:52:31 - modules.processing.calculator - INFO - [44/50] Processing VHC...
2026-01-05 08:52:31 - modules.processing.calculator - INFO - ✓ VHC: Metrics calculated successfully
2026-01-05 08:52:31 - modules.processing.calculator - INFO - [45/50] Processing DGC...
2026-01-05 08:52:31 - modules.processing.calculator - INFO - ✓ DGC: Metrics calculated successfully
2026-01-05 08:52:31 - modules.processing.calculator - INFO - [46/50] Processing VJC...
2026-01-05 08:52:31 - modules.processing.calculator - INFO - ✓ VJC: Metrics calculated successfully
2026-01-05 08:52:31 - modules.processing.calculator - INFO - [47/50] Processing HVN...
2026-01-05 08:52:31 - modules.utils.validator - WARNING - Suspicious ROE value for HVN: 133.08%
2026-01-05 08:52:31 - modules.processing.calculator - INFO - ✓ HVN: Metrics calculated successfully
2026-01-05 08:52:31 - modules.processing.calculator - INFO - [48/50] Processing VND...
2026-01-05 08:52:31 - modules.processing.calculator - INFO - ✓ VND: Metrics calculated successfully
2026-01-05 08:52:31 - modules.processing.calculator - INFO - [49/50] Processing HNG...
2026-01-05 08:52:32 - modules.processing.calculator - INFO - ✓ HNG: Metrics calculated successfully
2026-01-05 08:52:32 - modules.processing.calculator - INFO - [50/50] Processing VGC...
2026-01-05 08:52:32 - modules.processing.calculator - INFO - ✓ VGC: Metrics calculated successfully
2026-01-05 08:52:32 - modules.processing.calculator - INFO - ============================================================
2026-01-05 08:52:32 - modules.processing.calculator - INFO - PROCESSING SUMMARY
2026-01-05 08:52:32 - modules.processing.calculator - INFO - ============================================================
2026-01-05 08:52:32 - modules.processing.calculator - INFO - Total: 50 symbols
2026-01-05 08:52:32 - modules.processing.calculator - INFO - Success: 50 (100.0%)
2026-01-05 08:52:32 - modules.processing.calculator - INFO - Failed: 0 (0.0%)
2026-01-05 08:52:32 - modules.processing.calculator - INFO - Output saved to: /app/data/processed/financial_metrics.csv
2026-01-05 08:52:32 - modules.processing.calculator - INFO - ============================================================
2026-01-05 08:52:32 - modules.processing.calculator - INFO - 
PREVIEW - Top 10 Results:
2026-01-05 08:52:32 - modules.analysis.scorer - INFO - StockScorer initialized with weights: F=0.6, T=0.4
2026-01-05 08:52:32 - modules.analysis.scorer - INFO - Starting stock analysis and scoring...
2026-01-05 08:52:32 - modules.analysis.scorer - INFO - Loaded 50 symbols for analysis
2026-01-05 08:52:32 - modules.analysis.scorer - INFO - [1/50] Analyzing VCB...
2026-01-05 08:52:32 - modules.analysis.scorer - INFO - ✓ VCB: Score=3.6 → BÁN / CƠ CẤU
2026-01-05 08:52:32 - modules.analysis.scorer - INFO - [2/50] Analyzing BID...
2026-01-05 08:52:32 - modules.analysis.scorer - INFO - ✓ BID: Score=6.8 → MUA THĂM DÒ
2026-01-05 08:52:32 - modules.analysis.scorer - INFO - [3/50] Analyzing CTG...
2026-01-05 08:52:32 - modules.analysis.scorer - INFO - ✓ CTG: Score=7.4 → MUA THĂM DÒ
2026-01-05 08:52:32 - modules.analysis.scorer - INFO - [4/50] Analyzing TCB...
2026-01-05 08:52:32 - modules.analysis.scorer - INFO - ✓ TCB: Score=6.2 → MUA THĂM DÒ
2026-01-05 08:52:32 - modules.analysis.scorer - INFO - [5/50] Analyzing MBB...
2026-01-05 08:52:32 - modules.analysis.scorer - INFO - ✓ MBB: Score=5.0 → THEO DÕI
2026-01-05 08:52:32 - modules.analysis.scorer - INFO - [6/50] Analyzing VPB...
2026-01-05 08:52:32 - modules.analysis.scorer - INFO - ✓ VPB: Score=6.4 → MUA THĂM DÒ
2026-01-05 08:52:32 - modules.analysis.scorer - INFO - [7/50] Analyzing ACB...
2026-01-05 08:52:32 - modules.analysis.scorer - INFO - ✓ ACB: Score=5.6 → THEO DÕI
2026-01-05 08:52:32 - modules.analysis.scorer - INFO - [8/50] Analyzing HDB...
2026-01-05 08:52:32 - modules.analysis.scorer - INFO - ✓ HDB: Score=5.4 → THEO DÕI
2026-01-05 08:52:32 - modules.analysis.scorer - INFO - [9/50] Analyzing STB...
2026-01-05 08:52:32 - modules.analysis.scorer - INFO - ✓ STB: Score=7.0 → MUA THĂM DÒ
2026-01-05 08:52:32 - modules.analysis.scorer - INFO - [10/50] Analyzing TPB...
2026-01-05 08:52:32 - modules.analysis.scorer - INFO - ✓ TPB: Score=5.6 → THEO DÕI
2026-01-05 08:52:32 - modules.analysis.scorer - INFO - [11/50] Analyzing VIB...
2026-01-05 08:52:32 - modules.analysis.scorer - INFO - ✓ VIB: Score=3.6 → BÁN / CƠ CẤU
2026-01-05 08:52:32 - modules.analysis.scorer - INFO - [12/50] Analyzing SHB...
2026-01-05 08:52:32 - modules.analysis.scorer - INFO - ✓ SHB: Score=6.2 → MUA THĂM DÒ
2026-01-05 08:52:32 - modules.analysis.scorer - INFO - [13/50] Analyzing SSB...
2026-01-05 08:52:32 - modules.analysis.scorer - INFO - ✓ SSB: Score=3.0 → BÁN / CƠ CẤU
2026-01-05 08:52:32 - modules.analysis.scorer - INFO - [14/50] Analyzing LPB...
2026-01-05 08:52:32 - modules.analysis.scorer - INFO - ✓ LPB: Score=5.8 → THEO DÕI
2026-01-05 08:52:32 - modules.analysis.scorer - INFO - [15/50] Analyzing EIB...
2026-01-05 08:52:32 - modules.analysis.scorer - INFO - ✓ EIB: Score=1.2 → BÁN / CƠ CẤU
2026-01-05 08:52:32 - modules.analysis.scorer - INFO - [16/50] Analyzing VIC...
2026-01-05 08:52:32 - modules.analysis.scorer - INFO - ✓ VIC: Score=2.8 → BÁN / CƠ CẤU
2026-01-05 08:52:32 - modules.analysis.scorer - INFO - [17/50] Analyzing VHM...
2026-01-05 08:52:32 - modules.analysis.scorer - INFO - ✓ VHM: Score=2.0 → BÁN / CƠ CẤU
2026-01-05 08:52:32 - modules.analysis.scorer - INFO - [18/50] Analyzing VRE...
2026-01-05 08:52:32 - modules.analysis.scorer - INFO - ✓ VRE: Score=6.8 → MUA THĂM DÒ
2026-01-05 08:52:32 - modules.analysis.scorer - INFO - [19/50] Analyzing BCM...
2026-01-05 08:52:32 - modules.analysis.scorer - INFO - ✓ BCM: Score=5.4 → THEO DÕI
2026-01-05 08:52:32 - modules.analysis.scorer - INFO - [20/50] Analyzing VGI...
2026-01-05 08:52:32 - modules.analysis.scorer - INFO - ✓ VGI: Score=6.0 → MUA THĂM DÒ
2026-01-05 08:52:32 - modules.analysis.scorer - INFO - [21/50] Analyzing GAS...
2026-01-05 08:52:32 - modules.analysis.scorer - INFO - ✓ GAS: Score=5.2 → THEO DÕI
2026-01-05 08:52:32 - modules.analysis.scorer - INFO - [22/50] Analyzing PLX...
2026-01-05 08:52:32 - modules.analysis.scorer - INFO - ✓ PLX: Score=4.8 → THEO DÕI
2026-01-05 08:52:32 - modules.analysis.scorer - INFO - [23/50] Analyzing HPG...
2026-01-05 08:52:32 - modules.analysis.scorer - INFO - ✓ HPG: Score=5.6 → THEO DÕI
2026-01-05 08:52:32 - modules.analysis.scorer - INFO - [24/50] Analyzing GVR...
2026-01-05 08:52:32 - modules.analysis.scorer - INFO - ✓ GVR: Score=3.6 → BÁN / CƠ CẤU
2026-01-05 08:52:32 - modules.analysis.scorer - INFO - [25/50] Analyzing VNM...
2026-01-05 08:52:32 - modules.analysis.scorer - INFO - ✓ VNM: Score=6.2 → MUA THĂM DÒ
2026-01-05 08:52:32 - modules.analysis.scorer - INFO - [26/50] Analyzing MSN...
2026-01-05 08:52:32 - modules.analysis.scorer - INFO - ✓ MSN: Score=4.4 → THEO DÕI
2026-01-05 08:52:32 - modules.analysis.scorer - INFO - [27/50] Analyzing MWG...
2026-01-05 08:52:32 - modules.analysis.scorer - INFO - ✓ MWG: Score=6.2 → MUA THĂM DÒ
2026-01-05 08:52:32 - modules.analysis.scorer - INFO - [28/50] Analyzing SAB...
2026-01-05 08:52:32 - modules.analysis.scorer - INFO - ✓ SAB: Score=7.4 → MUA THĂM DÒ
2026-01-05 08:52:32 - modules.analysis.scorer - INFO - [29/50] Analyzing SSI...
2026-01-05 08:52:32 - modules.analysis.scorer - INFO - ✓ SSI: Score=5.6 → THEO DÕI
2026-01-05 08:52:32 - modules.analysis.scorer - INFO - [30/50] Analyzing FPT...
2026-01-05 08:52:32 - modules.analysis.scorer - INFO - ✓ FPT: Score=5.4 → THEO DÕI
2026-01-05 08:52:32 - modules.analysis.scorer - INFO - [31/50] Analyzing KDH...
2026-01-05 08:52:32 - modules.analysis.scorer - INFO - ✓ KDH: Score=4.4 → THEO DÕI
2026-01-05 08:52:32 - modules.analysis.scorer - INFO - [32/50] Analyzing DXG...
2026-01-05 08:52:32 - modules.analysis.scorer - INFO - ✓ DXG: Score=3.6 → BÁN / CƠ CẤU
2026-01-05 08:52:32 - modules.analysis.scorer - INFO - [33/50] Analyzing NVL...
2026-01-05 08:52:32 - modules.analysis.scorer - INFO - ✓ NVL: Score=1.2 → BÁN / CƠ CẤU
2026-01-05 08:52:32 - modules.analysis.scorer - INFO - [34/50] Analyzing PDR...
2026-01-05 08:52:32 - modules.analysis.scorer - INFO - ✓ PDR: Score=3.2 → BÁN / CƠ CẤU
2026-01-05 08:52:32 - modules.analysis.scorer - INFO - [35/50] Analyzing DIG...
2026-01-05 08:52:32 - modules.analysis.scorer - INFO - ✓ DIG: Score=2.8 → BÁN / CƠ CẤU
2026-01-05 08:52:32 - modules.analysis.scorer - INFO - [36/50] Analyzing BCG...
2026-01-05 08:52:32 - modules.analysis.scorer - INFO - ✓ BCG: Score=3.6 → BÁN / CƠ CẤU
2026-01-05 08:52:32 - modules.analysis.scorer - INFO - [37/50] Analyzing POW...
2026-01-05 08:52:32 - modules.analysis.scorer - INFO - ✓ POW: Score=5.6 → THEO DÕI
2026-01-05 08:52:32 - modules.analysis.scorer - INFO - [38/50] Analyzing REE...
2026-01-05 08:52:32 - modules.analysis.scorer - INFO - ✓ REE: Score=5.2 → THEO DÕI
2026-01-05 08:52:32 - modules.analysis.scorer - INFO - [39/50] Analyzing DGW...
2026-01-05 08:52:32 - modules.analysis.scorer - INFO - ✓ DGW: Score=5.4 → THEO DÕI
2026-01-05 08:52:32 - modules.analysis.scorer - INFO - [40/50] Analyzing NT2...
2026-01-05 08:52:32 - modules.analysis.scorer - INFO - ✓ NT2: Score=7.6 → MUA MẠNH
2026-01-05 08:52:32 - modules.analysis.scorer - INFO - [41/50] Analyzing BSR...
2026-01-05 08:52:32 - modules.analysis.scorer - INFO - ✓ BSR: Score=5.6 → THEO DÕI
2026-01-05 08:52:32 - modules.analysis.scorer - INFO - [42/50] Analyzing PNJ...
2026-01-05 08:52:32 - modules.analysis.scorer - INFO - ✓ PNJ: Score=5.8 → THEO DÕI
2026-01-05 08:52:32 - modules.analysis.scorer - INFO - [43/50] Analyzing FRT...
2026-01-05 08:52:32 - modules.analysis.scorer - INFO - ✓ FRT: Score=7.4 → MUA THĂM DÒ
2026-01-05 08:52:32 - modules.analysis.scorer - INFO - [44/50] Analyzing VHC...
2026-01-05 08:52:32 - modules.analysis.scorer - INFO - ✓ VHC: Score=6.2 → MUA THĂM DÒ
2026-01-05 08:52:32 - modules.analysis.scorer - INFO - [45/50] Analyzing DGC...
2026-01-05 08:52:32 - modules.analysis.scorer - INFO - ✓ DGC: Score=4.0 → BÁN / CƠ CẤU
2026-01-05 08:52:32 - modules.analysis.scorer - INFO - [46/50] Analyzing VJC...
2026-01-05 08:52:32 - modules.analysis.scorer - INFO - ✓ VJC: Score=3.2 → BÁN / CƠ CẤU
2026-01-05 08:52:32 - modules.analysis.scorer - INFO - [47/50] Analyzing HVN...
2026-01-05 08:52:32 - modules.analysis.scorer - INFO - ✓ HVN: Score=4.0 → BÁN / CƠ CẤU
2026-01-05 08:52:32 - modules.analysis.scorer - INFO - [48/50] Analyzing VND...
2026-01-05 08:52:32 - modules.analysis.scorer - INFO - ✓ VND: Score=5.6 → THEO DÕI
2026-01-05 08:52:32 - modules.analysis.scorer - INFO - [49/50] Analyzing HNG...
2026-01-05 08:52:32 - modules.analysis.scorer - INFO - ✓ HNG: Score=4.8 → THEO DÕI
2026-01-05 08:52:32 - modules.analysis.scorer - INFO - [50/50] Analyzing VGC...
2026-01-05 08:52:32 - modules.analysis.scorer - INFO - ✓ VGC: Score=2.0 → BÁN / CƠ CẤU
2026-01-05 08:52:33 - modules.analysis.scorer - INFO - ============================================================
2026-01-05 08:52:33 - modules.analysis.scorer - INFO - ANALYSIS SUMMARY
2026-01-05 08:52:33 - modules.analysis.scorer - INFO - ============================================================
2026-01-05 08:52:33 - modules.analysis.scorer - INFO - Total analyzed: 50 symbols
2026-01-05 08:52:33 - modules.analysis.scorer - INFO - MUA MẠNH: 1
2026-01-05 08:52:33 - modules.analysis.scorer - INFO - MUA THĂM DÒ: 13
2026-01-05 08:52:33 - modules.analysis.scorer - INFO - THEO DÕI: 20
2026-01-05 08:52:33 - modules.analysis.scorer - INFO - BÁN / CƠ CẤU: 16
2026-01-05 08:52:33 - modules.analysis.scorer - INFO - Output saved to: /app/data/processed/analysis_report.csv
2026-01-05 08:52:33 - modules.analysis.scorer - INFO - ============================================================
2026-01-05 08:52:33 - modules.analysis.scorer - INFO - 
TOP 10 CỔ PHIẾU TIỀM NĂNG:
2026-01-05 08:52:33 - modules.portfolio.manager - INFO - PortfolioManager initialized: Max position=40.0%, Stop loss=7.000000000000001%
2026-01-05 08:52:33 - modules.portfolio.manager - INFO - Generating portfolio recommendations with capital: 100,000,000 VND
2026-01-05 08:52:33 - modules.portfolio.manager - INFO - Found 14 stocks with BUY recommendations
2026-01-05 08:52:33 - modules.portfolio.manager - INFO - Available for investment: 80,000,000 VND (80%)
2026-01-05 08:52:33 - modules.portfolio.manager - INFO - ✓ NT2: 200 shares @ 24,350 = 4,870,000 VND (4.9%)
2026-01-05 08:52:33 - modules.portfolio.manager - INFO - ✓ CTG: 100 shares @ 35,750 = 3,575,000 VND (3.6%)
2026-01-05 08:52:33 - modules.portfolio.manager - INFO - ✓ SAB: 100 shares @ 49,000 = 4,900,000 VND (4.9%)
2026-01-05 08:52:33 - modules.portfolio.manager - INFO - ✓ FRT: 42200 shares @ 150 = 6,308,900 VND (6.3%)
2026-01-05 08:52:33 - modules.portfolio.manager - INFO - ✓ STB: 100 shares @ 58,000 = 5,800,000 VND (5.8%)
2026-01-05 08:52:33 - modules.portfolio.manager - INFO - ✓ VRE: 100 shares @ 33,650 = 3,365,000 VND (3.4%)
2026-01-05 08:52:33 - modules.portfolio.manager - INFO - ✓ BID: 100 shares @ 38,900 = 3,890,000 VND (3.9%)
2026-01-05 08:52:33 - modules.portfolio.manager - INFO - ✓ VPB: 100 shares @ 28,650 = 2,865,000 VND (2.9%)
2026-01-05 08:52:33 - modules.portfolio.manager - INFO - ✓ TCB: 100 shares @ 34,900 = 3,490,000 VND (3.5%)
2026-01-05 08:52:33 - modules.portfolio.manager - INFO - ✓ SHB: 300 shares @ 16,350 = 4,905,000 VND (4.9%)
2026-01-05 08:52:33 - modules.portfolio.manager - WARNING - Skipping VNM: Insufficient capital for 1 lot (price=61,200)
2026-01-05 08:52:33 - modules.portfolio.manager - WARNING - Skipping MWG: Insufficient capital for 1 lot (price=88,400)
2026-01-05 08:52:33 - modules.portfolio.manager - WARNING - Skipping VHC: Insufficient capital for 1 lot (price=56,100)
2026-01-05 08:52:33 - modules.portfolio.manager - WARNING - Skipping VGI: Insufficient capital for 1 lot (price=70,800)
2026-01-05 08:52:33 - modules.portfolio.manager - INFO - ============================================================
2026-01-05 08:52:33 - modules.portfolio.manager - INFO - PORTFOLIO ALLOCATION
2026-01-05 08:52:33 - modules.portfolio.manager - INFO - ============================================================
2026-01-05 08:52:33 - modules.portfolio.manager - INFO - Total capital: 100,000,000 VND
2026-01-05 08:52:33 - modules.portfolio.manager - INFO - Invested: 43,968,900 VND (44.0%)
2026-01-05 08:52:33 - modules.portfolio.manager - INFO - Cash reserve: 56,031,100 VND (56.0%)
2026-01-05 08:52:33 - modules.portfolio.manager - INFO - Number of positions: 10
2026-01-05 08:52:33 - modules.portfolio.manager - INFO - Output saved to: /app/data/processed/portfolio_recommendation.csv
2026-01-05 08:52:33 - modules.portfolio.manager - INFO - ============================================================
2026-01-05 08:52:33 - modules.portfolio.manager - INFO - 
PORTFOLIO DETAILS:
2026-01-05 08:52:33 - modules.portfolio.manager - INFO - 
RISK SUMMARY:
2026-01-05 08:52:33 - modules.portfolio.manager - INFO - Stop Loss: -7.0% per position
2026-01-05 08:52:33 - modules.portfolio.manager - INFO - Target Profit: +15.0% per position
2026-01-05 08:52:33 - modules.portfolio.manager - INFO - Risk/Reward Ratio: 1:2.0
2026-01-05 08:52:33 - modules.portfolio.manager - INFO - Max position size: 40.0%
2026-01-05 08:52:33 - modules.utils.exporter - INFO - DataExporter initialized: Export to /app/data/export
2026-01-05 08:52:33 - modules.utils.exporter - INFO - Starting data export to JSON...
2026-01-05 08:52:33 - modules.utils.exporter - INFO - Exporting analysis report...
2026-01-05 08:52:33 - modules.utils.exporter - INFO - ✓ Exported 50 analysis records
2026-01-05 08:52:33 - modules.utils.exporter - INFO - Exporting portfolio recommendations...
2026-01-05 08:52:33 - modules.utils.exporter - INFO - ✓ Exported 10 portfolio positions
2026-01-05 08:52:33 - modules.utils.exporter - INFO - Exporting price charts (last 100 days)...
2026-01-05 08:52:33 - modules.utils.exporter - INFO - ✓ Exported 50/50 price charts
2026-01-05 08:52:33 - modules.utils.exporter - INFO - ============================================================
2026-01-05 08:52:33 - modules.utils.exporter - INFO - EXPORT SUMMARY
2026-01-05 08:52:33 - modules.utils.exporter - INFO - ============================================================
2026-01-05 08:52:33 - modules.utils.exporter - INFO - Output file: /app/data/export/db.json
2026-01-05 08:52:33 - modules.utils.exporter - INFO - File size: 817.0 KB
2026-01-05 08:52:33 - modules.utils.exporter - INFO - Analysis records: 50
2026-01-05 08:52:33 - modules.utils.exporter - INFO - Portfolio positions: 10
2026-01-05 08:52:33 - modules.utils.exporter - INFO - Price charts: 50
2026-01-05 08:52:33 - modules.utils.exporter - INFO - Last updated: 2026-01-05 08:52:33
2026-01-05 08:52:33 - modules.utils.exporter - INFO - ============================================================
2026-01-05 08:52:33 - modules.utils.exporter - INFO - ✓ Export completed successfully!
2026-01-05 09:27:25 - modules.ml_prediction.feature_engineer - INFO - Preparing datasets for 50 symbols...
2026-01-05 09:27:25 - modules.ml_prediction.feature_engineer - INFO - Preparing ML dataset for VCB...
2026-01-05 09:27:25 - modules.ml_prediction.feature_engineer - INFO - VCB: 739 samples, 66 features
2026-01-05 09:27:25 - modules.ml_prediction.feature_engineer - INFO - ✓ VCB: 739 samples
2026-01-05 09:27:25 - modules.ml_prediction.feature_engineer - INFO - Preparing ML dataset for BID...
2026-01-05 09:27:25 - modules.ml_prediction.feature_engineer - INFO - BID: 739 samples, 66 features
2026-01-05 09:27:25 - modules.ml_prediction.feature_engineer - INFO - ✓ BID: 739 samples
2026-01-05 09:27:25 - modules.ml_prediction.feature_engineer - INFO - Preparing ML dataset for CTG...
2026-01-05 09:27:25 - modules.ml_prediction.feature_engineer - INFO - CTG: 739 samples, 66 features
2026-01-05 09:27:25 - modules.ml_prediction.feature_engineer - INFO - ✓ CTG: 739 samples
2026-01-05 09:27:25 - modules.ml_prediction.feature_engineer - INFO - Preparing ML dataset for TCB...
2026-01-05 09:27:25 - modules.ml_prediction.feature_engineer - INFO - TCB: 739 samples, 66 features
2026-01-05 09:27:25 - modules.ml_prediction.feature_engineer - INFO - ✓ TCB: 739 samples
2026-01-05 09:27:25 - modules.ml_prediction.feature_engineer - INFO - Preparing ML dataset for MBB...
2026-01-05 09:27:25 - modules.ml_prediction.feature_engineer - INFO - MBB: 739 samples, 66 features
2026-01-05 09:27:25 - modules.ml_prediction.feature_engineer - INFO - ✓ MBB: 739 samples
2026-01-05 09:27:25 - modules.ml_prediction.feature_engineer - INFO - Preparing ML dataset for VPB...
2026-01-05 09:27:25 - modules.ml_prediction.feature_engineer - INFO - VPB: 739 samples, 66 features
2026-01-05 09:27:25 - modules.ml_prediction.feature_engineer - INFO - ✓ VPB: 739 samples
2026-01-05 09:27:25 - modules.ml_prediction.feature_engineer - INFO - Preparing ML dataset for ACB...
2026-01-05 09:27:25 - modules.ml_prediction.feature_engineer - INFO - ACB: 739 samples, 66 features
2026-01-05 09:27:25 - modules.ml_prediction.feature_engineer - INFO - ✓ ACB: 739 samples
2026-01-05 09:27:25 - modules.ml_prediction.feature_engineer - INFO - Preparing ML dataset for HDB...
2026-01-05 09:27:26 - modules.ml_prediction.feature_engineer - INFO - HDB: 739 samples, 66 features
2026-01-05 09:27:26 - modules.ml_prediction.feature_engineer - INFO - ✓ HDB: 739 samples
2026-01-05 09:27:26 - modules.ml_prediction.feature_engineer - INFO - Preparing ML dataset for STB...
2026-01-05 09:27:26 - modules.ml_prediction.feature_engineer - INFO - STB: 739 samples, 66 features
2026-01-05 09:27:26 - modules.ml_prediction.feature_engineer - INFO - ✓ STB: 739 samples
2026-01-05 09:27:26 - modules.ml_prediction.feature_engineer - INFO - Preparing ML dataset for TPB...
2026-01-05 09:27:26 - modules.ml_prediction.feature_engineer - INFO - TPB: 739 samples, 66 features
2026-01-05 09:27:26 - modules.ml_prediction.feature_engineer - INFO - ✓ TPB: 739 samples
2026-01-05 09:27:26 - modules.ml_prediction.feature_engineer - INFO - Preparing ML dataset for VIB...
2026-01-05 09:27:26 - modules.ml_prediction.feature_engineer - INFO - VIB: 739 samples, 66 features
2026-01-05 09:27:26 - modules.ml_prediction.feature_engineer - INFO - ✓ VIB: 739 samples
2026-01-05 09:27:26 - modules.ml_prediction.feature_engineer - INFO - Preparing ML dataset for SHB...
2026-01-05 09:27:26 - modules.ml_prediction.feature_engineer - INFO - SHB: 739 samples, 66 features
2026-01-05 09:27:26 - modules.ml_prediction.feature_engineer - INFO - ✓ SHB: 739 samples
2026-01-05 09:27:26 - modules.ml_prediction.feature_engineer - INFO - Preparing ML dataset for SSB...
2026-01-05 09:27:26 - modules.ml_prediction.feature_engineer - INFO - SSB: 739 samples, 66 features
2026-01-05 09:27:26 - modules.ml_prediction.feature_engineer - INFO - ✓ SSB: 739 samples
2026-01-05 09:27:26 - modules.ml_prediction.feature_engineer - INFO - Preparing ML dataset for LPB...
2026-01-05 09:27:26 - modules.ml_prediction.feature_engineer - INFO - LPB: 739 samples, 66 features
2026-01-05 09:27:26 - modules.ml_prediction.feature_engineer - INFO - ✓ LPB: 739 samples
2026-01-05 09:27:26 - modules.ml_prediction.feature_engineer - INFO - Preparing ML dataset for EIB...
2026-01-05 09:27:26 - modules.ml_prediction.feature_engineer - INFO - EIB: 739 samples, 66 features
2026-01-05 09:27:26 - modules.ml_prediction.feature_engineer - INFO - ✓ EIB: 739 samples
2026-01-05 09:27:26 - modules.ml_prediction.feature_engineer - INFO - Preparing ML dataset for VIC...
2026-01-05 09:27:26 - modules.ml_prediction.feature_engineer - INFO - VIC: 739 samples, 66 features
2026-01-05 09:27:26 - modules.ml_prediction.feature_engineer - INFO - ✓ VIC: 739 samples
2026-01-05 09:27:26 - modules.ml_prediction.feature_engineer - INFO - Preparing ML dataset for VHM...
2026-01-05 09:27:26 - modules.ml_prediction.feature_engineer - INFO - VHM: 739 samples, 66 features
2026-01-05 09:27:26 - modules.ml_prediction.feature_engineer - INFO - ✓ VHM: 739 samples
2026-01-05 09:27:26 - modules.ml_prediction.feature_engineer - INFO - Preparing ML dataset for VRE...
2026-01-05 09:27:26 - modules.ml_prediction.feature_engineer - INFO - VRE: 739 samples, 66 features
2026-01-05 09:27:26 - modules.ml_prediction.feature_engineer - INFO - ✓ VRE: 739 samples
2026-01-05 09:27:26 - modules.ml_prediction.feature_engineer - INFO - Preparing ML dataset for BCM...
2026-01-05 09:27:26 - modules.ml_prediction.feature_engineer - INFO - BCM: 739 samples, 66 features
2026-01-05 09:27:26 - modules.ml_prediction.feature_engineer - INFO - ✓ BCM: 739 samples
2026-01-05 09:27:26 - modules.ml_prediction.feature_engineer - INFO - Preparing ML dataset for VGI...
2026-01-05 09:27:26 - modules.ml_prediction.feature_engineer - INFO - VGI: 739 samples, 66 features
2026-01-05 09:27:26 - modules.ml_prediction.feature_engineer - INFO - ✓ VGI: 739 samples
2026-01-05 09:27:26 - modules.ml_prediction.feature_engineer - INFO - Preparing ML dataset for GAS...
2026-01-05 09:27:26 - modules.ml_prediction.feature_engineer - INFO - GAS: 739 samples, 66 features
2026-01-05 09:27:26 - modules.ml_prediction.feature_engineer - INFO - ✓ GAS: 739 samples
2026-01-05 09:27:26 - modules.ml_prediction.feature_engineer - INFO - Preparing ML dataset for PLX...
2026-01-05 09:27:26 - modules.ml_prediction.feature_engineer - INFO - PLX: 739 samples, 66 features
2026-01-05 09:27:26 - modules.ml_prediction.feature_engineer - INFO - ✓ PLX: 739 samples
2026-01-05 09:27:26 - modules.ml_prediction.feature_engineer - INFO - Preparing ML dataset for HPG...
2026-01-05 09:27:26 - modules.ml_prediction.feature_engineer - INFO - HPG: 739 samples, 66 features
2026-01-05 09:27:26 - modules.ml_prediction.feature_engineer - INFO - ✓ HPG: 739 samples
2026-01-05 09:27:26 - modules.ml_prediction.feature_engineer - INFO - Preparing ML dataset for GVR...
2026-01-05 09:27:26 - modules.ml_prediction.feature_engineer - INFO - GVR: 739 samples, 66 features
2026-01-05 09:27:26 - modules.ml_prediction.feature_engineer - INFO - ✓ GVR: 739 samples
2026-01-05 09:27:26 - modules.ml_prediction.feature_engineer - INFO - Preparing ML dataset for VNM...
2026-01-05 09:27:26 - modules.ml_prediction.feature_engineer - INFO - VNM: 739 samples, 66 features
2026-01-05 09:27:26 - modules.ml_prediction.feature_engineer - INFO - ✓ VNM: 739 samples
2026-01-05 09:27:26 - modules.ml_prediction.feature_engineer - INFO - Preparing ML dataset for MSN...
2026-01-05 09:27:26 - modules.ml_prediction.feature_engineer - INFO - MSN: 739 samples, 66 features
2026-01-05 09:27:26 - modules.ml_prediction.feature_engineer - INFO - ✓ MSN: 739 samples
2026-01-05 09:27:26 - modules.ml_prediction.feature_engineer - INFO - Preparing ML dataset for MWG...
2026-01-05 09:27:26 - modules.ml_prediction.feature_engineer - INFO - MWG: 739 samples, 66 features
2026-01-05 09:27:26 - modules.ml_prediction.feature_engineer - INFO - ✓ MWG: 739 samples
2026-01-05 09:27:26 - modules.ml_prediction.feature_engineer - INFO - Preparing ML dataset for SAB...
2026-01-05 09:27:26 - modules.ml_prediction.feature_engineer - INFO - SAB: 739 samples, 66 features
2026-01-05 09:27:26 - modules.ml_prediction.feature_engineer - INFO - ✓ SAB: 739 samples
2026-01-05 09:27:26 - modules.ml_prediction.feature_engineer - INFO - Preparing ML dataset for SSI...
2026-01-05 09:27:26 - modules.ml_prediction.feature_engineer - INFO - SSI: 739 samples, 66 features
2026-01-05 09:27:26 - modules.ml_prediction.feature_engineer - INFO - ✓ SSI: 739 samples
2026-01-05 09:27:26 - modules.ml_prediction.feature_engineer - INFO - Preparing ML dataset for FPT...
2026-01-05 09:27:26 - modules.ml_prediction.feature_engineer - INFO - FPT: 739 samples, 66 features
2026-01-05 09:27:26 - modules.ml_prediction.feature_engineer - INFO - ✓ FPT: 739 samples
2026-01-05 09:27:26 - modules.ml_prediction.feature_engineer - INFO - Preparing ML dataset for KDH...
2026-01-05 09:27:26 - modules.ml_prediction.feature_engineer - INFO - KDH: 739 samples, 66 features
2026-01-05 09:27:26 - modules.ml_prediction.feature_engineer - INFO - ✓ KDH: 739 samples
2026-01-05 09:27:26 - modules.ml_prediction.feature_engineer - INFO - Preparing ML dataset for DXG...
2026-01-05 09:27:26 - modules.ml_prediction.feature_engineer - INFO - DXG: 739 samples, 66 features
2026-01-05 09:27:26 - modules.ml_prediction.feature_engineer - INFO - ✓ DXG: 739 samples
2026-01-05 09:27:26 - modules.ml_prediction.feature_engineer - INFO - Preparing ML dataset for NVL...
2026-01-05 09:27:26 - modules.ml_prediction.feature_engineer - INFO - NVL: 739 samples, 66 features
2026-01-05 09:27:26 - modules.ml_prediction.feature_engineer - INFO - ✓ NVL: 739 samples
2026-01-05 09:27:26 - modules.ml_prediction.feature_engineer - INFO - Preparing ML dataset for PDR...
2026-01-05 09:27:26 - modules.ml_prediction.feature_engineer - INFO - PDR: 739 samples, 66 features
2026-01-05 09:27:26 - modules.ml_prediction.feature_engineer - INFO - ✓ PDR: 739 samples
2026-01-05 09:27:26 - modules.ml_prediction.feature_engineer - INFO - Preparing ML dataset for DIG...
2026-01-05 09:27:26 - modules.ml_prediction.feature_engineer - INFO - DIG: 739 samples, 66 features
2026-01-05 09:27:26 - modules.ml_prediction.feature_engineer - INFO - ✓ DIG: 739 samples
2026-01-05 09:27:26 - modules.ml_prediction.feature_engineer - INFO - Preparing ML dataset for BCG...
2026-01-05 09:27:26 - modules.ml_prediction.feature_engineer - INFO - BCG: 739 samples, 66 features
2026-01-05 09:27:26 - modules.ml_prediction.feature_engineer - INFO - ✓ BCG: 739 samples
2026-01-05 09:27:26 - modules.ml_prediction.feature_engineer - INFO - Preparing ML dataset for POW...
2026-01-05 09:27:27 - modules.ml_prediction.feature_engineer - INFO - POW: 739 samples, 66 features
2026-01-05 09:27:27 - modules.ml_prediction.feature_engineer - INFO - ✓ POW: 739 samples
2026-01-05 09:27:27 - modules.ml_prediction.feature_engineer - INFO - Preparing ML dataset for REE...
2026-01-05 09:27:27 - modules.ml_prediction.feature_engineer - INFO - REE: 739 samples, 66 features
2026-01-05 09:27:27 - modules.ml_prediction.feature_engineer - INFO - ✓ REE: 739 samples
2026-01-05 09:27:27 - modules.ml_prediction.feature_engineer - INFO - Preparing ML dataset for DGW...
2026-01-05 09:27:27 - modules.ml_prediction.feature_engineer - INFO - DGW: 739 samples, 66 features
2026-01-05 09:27:27 - modules.ml_prediction.feature_engineer - INFO - ✓ DGW: 739 samples
2026-01-05 09:27:27 - modules.ml_prediction.feature_engineer - INFO - Preparing ML dataset for NT2...
2026-01-05 09:27:27 - modules.ml_prediction.feature_engineer - INFO - NT2: 739 samples, 66 features
2026-01-05 09:27:27 - modules.ml_prediction.feature_engineer - INFO - ✓ NT2: 739 samples
2026-01-05 09:27:27 - modules.ml_prediction.feature_engineer - INFO - Preparing ML dataset for BSR...
2026-01-05 09:27:27 - modules.ml_prediction.feature_engineer - INFO - BSR: 739 samples, 66 features
2026-01-05 09:27:27 - modules.ml_prediction.feature_engineer - INFO - ✓ BSR: 739 samples
2026-01-05 09:27:27 - modules.ml_prediction.feature_engineer - INFO - Preparing ML dataset for PNJ...
2026-01-05 09:27:27 - modules.ml_prediction.feature_engineer - INFO - PNJ: 739 samples, 66 features
2026-01-05 09:27:27 - modules.ml_prediction.feature_engineer - INFO - ✓ PNJ: 739 samples
2026-01-05 09:27:27 - modules.ml_prediction.feature_engineer - INFO - Preparing ML dataset for FRT...
2026-01-05 09:27:27 - modules.ml_prediction.feature_engineer - INFO - FRT: 739 samples, 66 features
2026-01-05 09:27:27 - modules.ml_prediction.feature_engineer - INFO - ✓ FRT: 739 samples
2026-01-05 09:27:27 - modules.ml_prediction.feature_engineer - INFO - Preparing ML dataset for VHC...
2026-01-05 09:27:27 - modules.ml_prediction.feature_engineer - INFO - VHC: 739 samples, 66 features
2026-01-05 09:27:27 - modules.ml_prediction.feature_engineer - INFO - ✓ VHC: 739 samples
2026-01-05 09:27:27 - modules.ml_prediction.feature_engineer - INFO - Preparing ML dataset for DGC...
2026-01-05 09:27:27 - modules.ml_prediction.feature_engineer - INFO - DGC: 739 samples, 66 features
2026-01-05 09:27:27 - modules.ml_prediction.feature_engineer - INFO - ✓ DGC: 739 samples
2026-01-05 09:27:27 - modules.ml_prediction.feature_engineer - INFO - Preparing ML dataset for VJC...
2026-01-05 09:27:27 - modules.ml_prediction.feature_engineer - INFO - VJC: 739 samples, 66 features
2026-01-05 09:27:27 - modules.ml_prediction.feature_engineer - INFO - ✓ VJC: 739 samples
2026-01-05 09:27:27 - modules.ml_prediction.feature_engineer - INFO - Preparing ML dataset for HVN...
2026-01-05 09:27:27 - modules.ml_prediction.feature_engineer - INFO - HVN: 739 samples, 66 features
2026-01-05 09:27:27 - modules.ml_prediction.feature_engineer - INFO - ✓ HVN: 739 samples
2026-01-05 09:27:27 - modules.ml_prediction.feature_engineer - INFO - Preparing ML dataset for VND...
2026-01-05 09:27:27 - modules.ml_prediction.feature_engineer - INFO - VND: 739 samples, 66 features
2026-01-05 09:27:27 - modules.ml_prediction.feature_engineer - INFO - ✓ VND: 739 samples
2026-01-05 09:27:27 - modules.ml_prediction.feature_engineer - INFO - Preparing ML dataset for HNG...
2026-01-05 09:27:27 - modules.ml_prediction.feature_engineer - INFO - HNG: 739 samples, 66 features
2026-01-05 09:27:27 - modules.ml_prediction.feature_engineer - INFO - ✓ HNG: 739 samples
2026-01-05 09:27:27 - modules.ml_prediction.feature_engineer - INFO - Preparing ML dataset for VGC...
2026-01-05 09:27:27 - modules.ml_prediction.feature_engineer - INFO - VGC: 739 samples, 66 features
2026-01-05 09:27:27 - modules.ml_prediction.feature_engineer - INFO - ✓ VGC: 739 samples
2026-01-05 09:27:27 - modules.ml_prediction.feature_engineer - INFO - Prepared 50 datasets
2026-01-05 09:27:27 - modules.ml_prediction.trend_classifier - INFO - Initialized random_forest classifier
2026-01-05 09:27:27 - modules.ml_prediction.trend_classifier - INFO - Training on 50 symbols...
2026-01-05 09:27:27 - modules.ml_prediction.trend_classifier - INFO - Combined dataset: 36950 samples
2026-01-05 09:27:27 - modules.ml_prediction.trend_classifier - INFO - Training model...
2026-01-05 09:27:27 - modules.ml_prediction.trend_classifier - INFO - Train samples: 29560, Test samples: 7390
2026-01-05 09:27:29 - modules.ml_prediction.trend_classifier - INFO - Train Accuracy: 0.599
2026-01-05 09:27:29 - modules.ml_prediction.trend_classifier - INFO - Test Accuracy: 0.512
2026-01-05 09:27:29 - modules.ml_prediction.trend_classifier - INFO - 
Test Set Classification Report:
2026-01-05 09:27:29 - modules.ml_prediction.trend_classifier - INFO -               precision    recall  f1-score   support

        DOWN       0.60      0.11      0.18      1838
     NEUTRAL       0.51      0.85      0.64      3355
          UP       0.51      0.33      0.40      2197

    accuracy                           0.51      7390
   macro avg       0.54      0.43      0.41      7390
weighted avg       0.53      0.51      0.45      7390

2026-01-05 09:27:29 - modules.ml_prediction.trend_classifier - INFO - 
Top 10 Important Features:
2026-01-05 09:27:29 - modules.ml_prediction.trend_classifier - INFO -   return_1d_std_20: 0.0466
2026-01-05 09:27:29 - modules.ml_prediction.trend_classifier - INFO -   volatility_20d: 0.0422
2026-01-05 09:27:29 - modules.ml_prediction.trend_classifier - INFO -   return_1d_min_10: 0.0419
2026-01-05 09:27:29 - modules.ml_prediction.trend_classifier - INFO -   return_1d_std_10: 0.0402
2026-01-05 09:27:29 - modules.ml_prediction.trend_classifier - INFO -   return_1d_min_20: 0.0341
2026-01-05 09:27:29 - modules.ml_prediction.trend_classifier - INFO -   return_1d_max_20: 0.0305
2026-01-05 09:27:29 - modules.ml_prediction.trend_classifier - INFO -   sma20_vs_sma50: 0.0295
2026-01-05 09:27:29 - modules.ml_prediction.trend_classifier - INFO -   hl_range: 0.0265
2026-01-05 09:27:29 - modules.ml_prediction.trend_classifier - INFO -   return_1d_max_10: 0.0214
2026-01-05 09:27:29 - modules.ml_prediction.trend_classifier - INFO -   price_vs_sma50: 0.0204
2026-01-05 09:27:30 - modules.ml_prediction.model_manager - INFO - Saved model to /app/data/ml_models/trend_classifier/20260105_092729
2026-01-05 09:27:40 - modules.ml_prediction.model_manager - INFO - Loaded model from /app/data/ml_models/trend_classifier/latest
2026-01-05 09:27:40 - modules.ml_prediction.feature_engineer - INFO - Preparing ML dataset for VCB...
2026-01-05 09:27:40 - modules.ml_prediction.feature_engineer - INFO - VCB: 739 samples, 66 features
2026-01-05 09:27:40 - modules.ml_prediction.feature_engineer - INFO - Preparing ML dataset for BID...
2026-01-05 09:27:40 - modules.ml_prediction.feature_engineer - INFO - BID: 739 samples, 66 features
2026-01-05 09:27:40 - modules.ml_prediction.feature_engineer - INFO - Preparing ML dataset for CTG...
2026-01-05 09:27:40 - modules.ml_prediction.feature_engineer - INFO - CTG: 739 samples, 66 features
2026-01-05 09:27:40 - modules.ml_prediction.feature_engineer - INFO - Preparing ML dataset for TCB...
2026-01-05 09:27:40 - modules.ml_prediction.feature_engineer - INFO - TCB: 739 samples, 66 features
2026-01-05 09:27:40 - modules.ml_prediction.feature_engineer - INFO - Preparing ML dataset for MBB...
2026-01-05 09:27:40 - modules.ml_prediction.feature_engineer - INFO - MBB: 739 samples, 66 features
2026-01-05 09:27:40 - modules.ml_prediction.feature_engineer - INFO - Preparing ML dataset for VPB...
2026-01-05 09:27:41 - modules.ml_prediction.feature_engineer - INFO - VPB: 739 samples, 66 features
2026-01-05 09:27:41 - modules.ml_prediction.feature_engineer - INFO - Preparing ML dataset for ACB...
2026-01-05 09:27:41 - modules.ml_prediction.feature_engineer - INFO - ACB: 739 samples, 66 features
2026-01-05 09:27:41 - modules.ml_prediction.feature_engineer - INFO - Preparing ML dataset for HDB...
2026-01-05 09:27:41 - modules.ml_prediction.feature_engineer - INFO - HDB: 739 samples, 66 features
2026-01-05 09:27:41 - modules.ml_prediction.feature_engineer - INFO - Preparing ML dataset for STB...
2026-01-05 09:27:41 - modules.ml_prediction.feature_engineer - INFO - STB: 739 samples, 66 features
2026-01-05 09:27:41 - modules.ml_prediction.feature_engineer - INFO - Preparing ML dataset for TPB...
2026-01-05 09:27:41 - modules.ml_prediction.feature_engineer - INFO - TPB: 739 samples, 66 features
2026-01-05 09:27:41 - modules.ml_prediction.feature_engineer - INFO - Preparing ML dataset for VIB...
2026-01-05 09:27:41 - modules.ml_prediction.feature_engineer - INFO - VIB: 739 samples, 66 features
2026-01-05 09:27:41 - modules.ml_prediction.feature_engineer - INFO - Preparing ML dataset for SHB...
2026-01-05 09:27:41 - modules.ml_prediction.feature_engineer - INFO - SHB: 739 samples, 66 features
2026-01-05 09:27:41 - modules.ml_prediction.feature_engineer - INFO - Preparing ML dataset for SSB...
2026-01-05 09:27:41 - modules.ml_prediction.feature_engineer - INFO - SSB: 739 samples, 66 features
2026-01-05 09:27:41 - modules.ml_prediction.feature_engineer - INFO - Preparing ML dataset for LPB...
2026-01-05 09:27:41 - modules.ml_prediction.feature_engineer - INFO - LPB: 739 samples, 66 features
2026-01-05 09:27:41 - modules.ml_prediction.feature_engineer - INFO - Preparing ML dataset for EIB...
2026-01-05 09:27:41 - modules.ml_prediction.feature_engineer - INFO - EIB: 739 samples, 66 features
2026-01-05 09:27:41 - modules.ml_prediction.feature_engineer - INFO - Preparing ML dataset for VIC...
2026-01-05 09:27:41 - modules.ml_prediction.feature_engineer - INFO - VIC: 739 samples, 66 features
2026-01-05 09:27:41 - modules.ml_prediction.feature_engineer - INFO - Preparing ML dataset for VHM...
2026-01-05 09:27:41 - modules.ml_prediction.feature_engineer - INFO - VHM: 739 samples, 66 features
2026-01-05 09:27:41 - modules.ml_prediction.feature_engineer - INFO - Preparing ML dataset for VRE...
2026-01-05 09:27:41 - modules.ml_prediction.feature_engineer - INFO - VRE: 739 samples, 66 features
2026-01-05 09:27:41 - modules.ml_prediction.feature_engineer - INFO - Preparing ML dataset for BCM...
2026-01-05 09:27:41 - modules.ml_prediction.feature_engineer - INFO - BCM: 739 samples, 66 features
2026-01-05 09:27:42 - modules.ml_prediction.feature_engineer - INFO - Preparing ML dataset for VGI...
2026-01-05 09:27:42 - modules.ml_prediction.feature_engineer - INFO - VGI: 739 samples, 66 features
2026-01-05 09:27:42 - modules.ml_prediction.feature_engineer - INFO - Preparing ML dataset for GAS...
2026-01-05 09:27:42 - modules.ml_prediction.feature_engineer - INFO - GAS: 739 samples, 66 features
2026-01-05 09:27:42 - modules.ml_prediction.feature_engineer - INFO - Preparing ML dataset for PLX...
2026-01-05 09:27:42 - modules.ml_prediction.feature_engineer - INFO - PLX: 739 samples, 66 features
2026-01-05 09:27:42 - modules.ml_prediction.feature_engineer - INFO - Preparing ML dataset for HPG...
2026-01-05 09:27:42 - modules.ml_prediction.feature_engineer - INFO - HPG: 739 samples, 66 features
2026-01-05 09:27:42 - modules.ml_prediction.feature_engineer - INFO - Preparing ML dataset for GVR...
2026-01-05 09:27:42 - modules.ml_prediction.feature_engineer - INFO - GVR: 739 samples, 66 features
2026-01-05 09:27:42 - modules.ml_prediction.feature_engineer - INFO - Preparing ML dataset for VNM...
2026-01-05 09:27:42 - modules.ml_prediction.feature_engineer - INFO - VNM: 739 samples, 66 features
2026-01-05 09:27:42 - modules.ml_prediction.feature_engineer - INFO - Preparing ML dataset for MSN...
2026-01-05 09:27:42 - modules.ml_prediction.feature_engineer - INFO - MSN: 739 samples, 66 features
2026-01-05 09:27:42 - modules.ml_prediction.feature_engineer - INFO - Preparing ML dataset for MWG...
2026-01-05 09:27:42 - modules.ml_prediction.feature_engineer - INFO - MWG: 739 samples, 66 features
2026-01-05 09:27:42 - modules.ml_prediction.feature_engineer - INFO - Preparing ML dataset for SAB...
2026-01-05 09:27:42 - modules.ml_prediction.feature_engineer - INFO - SAB: 739 samples, 66 features
2026-01-05 09:27:42 - modules.ml_prediction.feature_engineer - INFO - Preparing ML dataset for SSI...
2026-01-05 09:27:42 - modules.ml_prediction.feature_engineer - INFO - SSI: 739 samples, 66 features
2026-01-05 09:27:42 - modules.ml_prediction.feature_engineer - INFO - Preparing ML dataset for FPT...
2026-01-05 09:27:42 - modules.ml_prediction.feature_engineer - INFO - FPT: 739 samples, 66 features
2026-01-05 09:27:42 - modules.ml_prediction.feature_engineer - INFO - Preparing ML dataset for KDH...
2026-01-05 09:27:42 - modules.ml_prediction.feature_engineer - INFO - KDH: 739 samples, 66 features
2026-01-05 09:27:42 - modules.ml_prediction.feature_engineer - INFO - Preparing ML dataset for DXG...
2026-01-05 09:27:42 - modules.ml_prediction.feature_engineer - INFO - DXG: 739 samples, 66 features
2026-01-05 09:27:42 - modules.ml_prediction.feature_engineer - INFO - Preparing ML dataset for NVL...
2026-01-05 09:27:42 - modules.ml_prediction.feature_engineer - INFO - NVL: 739 samples, 66 features
2026-01-05 09:27:43 - modules.ml_prediction.feature_engineer - INFO - Preparing ML dataset for PDR...
2026-01-05 09:27:43 - modules.ml_prediction.feature_engineer - INFO - PDR: 739 samples, 66 features
2026-01-05 09:27:43 - modules.ml_prediction.feature_engineer - INFO - Preparing ML dataset for DIG...
2026-01-05 09:27:43 - modules.ml_prediction.feature_engineer - INFO - DIG: 739 samples, 66 features
2026-01-05 09:27:43 - modules.ml_prediction.feature_engineer - INFO - Preparing ML dataset for BCG...
2026-01-05 09:27:43 - modules.ml_prediction.feature_engineer - INFO - BCG: 739 samples, 66 features
2026-01-05 09:27:43 - modules.ml_prediction.feature_engineer - INFO - Preparing ML dataset for POW...
2026-01-05 09:27:43 - modules.ml_prediction.feature_engineer - INFO - POW: 739 samples, 66 features
2026-01-05 09:27:43 - modules.ml_prediction.feature_engineer - INFO - Preparing ML dataset for REE...
2026-01-05 09:27:43 - modules.ml_prediction.feature_engineer - INFO - REE: 739 samples, 66 features
2026-01-05 09:27:43 - modules.ml_prediction.feature_engineer - INFO - Preparing ML dataset for DGW...
2026-01-05 09:27:43 - modules.ml_prediction.feature_engineer - INFO - DGW: 739 samples, 66 features
2026-01-05 09:27:43 - modules.ml_prediction.feature_engineer - INFO - Preparing ML dataset for NT2...
2026-01-05 09:27:43 - modules.ml_prediction.feature_engineer - INFO - NT2: 739 samples, 66 features
2026-01-05 09:27:43 - modules.ml_prediction.feature_engineer - INFO - Preparing ML dataset for BSR...
2026-01-05 09:27:43 - modules.ml_prediction.feature_engineer - INFO - BSR: 739 samples, 66 features
2026-01-05 09:27:43 - modules.ml_prediction.feature_engineer - INFO - Preparing ML dataset for PNJ...
2026-01-05 09:27:43 - modules.ml_prediction.feature_engineer - INFO - PNJ: 739 samples, 66 features
2026-01-05 09:27:43 - modules.ml_prediction.feature_engineer - INFO - Preparing ML dataset for FRT...
2026-01-05 09:27:43 - modules.ml_prediction.feature_engineer - INFO - FRT: 739 samples, 66 features
2026-01-05 09:27:43 - modules.ml_prediction.feature_engineer - INFO - Preparing ML dataset for VHC...
2026-01-05 09:27:43 - modules.ml_prediction.feature_engineer - INFO - VHC: 739 samples, 66 features
2026-01-05 09:27:43 - modules.ml_prediction.feature_engineer - INFO - Preparing ML dataset for DGC...
2026-01-05 09:27:43 - modules.ml_prediction.feature_engineer - INFO - DGC: 739 samples, 66 features
2026-01-05 09:27:43 - modules.ml_prediction.feature_engineer - INFO - Preparing ML dataset for VJC...
2026-01-05 09:27:43 - modules.ml_prediction.feature_engineer - INFO - VJC: 739 samples, 66 features
2026-01-05 09:27:43 - modules.ml_prediction.feature_engineer - INFO - Preparing ML dataset for HVN...
2026-01-05 09:27:44 - modules.ml_prediction.feature_engineer - INFO - HVN: 739 samples, 66 features
2026-01-05 09:27:44 - modules.ml_prediction.feature_engineer - INFO - Preparing ML dataset for VND...
2026-01-05 09:27:44 - modules.ml_prediction.feature_engineer - INFO - VND: 739 samples, 66 features
2026-01-05 09:27:44 - modules.ml_prediction.feature_engineer - INFO - Preparing ML dataset for HNG...
2026-01-05 09:27:44 - modules.ml_prediction.feature_engineer - INFO - HNG: 739 samples, 66 features
2026-01-05 09:27:44 - modules.ml_prediction.feature_engineer - INFO - Preparing ML dataset for VGC...
2026-01-05 09:27:44 - modules.ml_prediction.feature_engineer - INFO - VGC: 739 samples, 66 features
